{"meta": {"format": 3, "version": "7.8.2", "timestamp": "2025-06-21T01:12:08.554947", "branch_coverage": false, "show_contexts": false}, "files": {"api/__init__.py": {"executed_lines": [1], "summary": {"covered_lines": 0, "num_statements": 0, "percent_covered": 100.0, "percent_covered_display": "100", "missing_lines": 0, "excluded_lines": 0}, "missing_lines": [], "excluded_lines": [], "functions": {"": {"executed_lines": [], "summary": {"covered_lines": 0, "num_statements": 0, "percent_covered": 100.0, "percent_covered_display": "100", "missing_lines": 0, "excluded_lines": 0}, "missing_lines": [], "excluded_lines": []}}, "classes": {"": {"executed_lines": [], "summary": {"covered_lines": 0, "num_statements": 0, "percent_covered": 100.0, "percent_covered_display": "100", "missing_lines": 0, "excluded_lines": 0}, "missing_lines": [], "excluded_lines": []}}}, "api/routes/__init__.py": {"executed_lines": [1], "summary": {"covered_lines": 0, "num_statements": 0, "percent_covered": 100.0, "percent_covered_display": "100", "missing_lines": 0, "excluded_lines": 0}, "missing_lines": [], "excluded_lines": [], "functions": {"": {"executed_lines": [], "summary": {"covered_lines": 0, "num_statements": 0, "percent_covered": 100.0, "percent_covered_display": "100", "missing_lines": 0, "excluded_lines": 0}, "missing_lines": [], "excluded_lines": []}}, "classes": {"": {"executed_lines": [], "summary": {"covered_lines": 0, "num_statements": 0, "percent_covered": 100.0, "percent_covered_display": "100", "missing_lines": 0, "excluded_lines": 0}, "missing_lines": [], "excluded_lines": []}}}, "api/routes/admin.py": {"executed_lines": [1, 2, 4, 5, 6, 7, 9, 12, 13, 14, 15, 16, 18, 22, 23, 24, 25, 26, 27, 28, 29, 32, 33, 34, 35, 36, 39, 40, 41, 42, 43, 44, 45, 46, 47, 51, 64, 65, 75, 76, 114, 115, 164, 165, 187, 188, 199, 200, 237, 238, 323, 324, 370, 371, 381, 382, 390, 391], "summary": {"covered_lines": 58, "num_statements": 144, "percent_covered": 40.27777777777778, "percent_covered_display": "40", "missing_lines": 86, "excluded_lines": 0}, "missing_lines": [56, 57, 60, 69, 72, 84, 90, 91, 96, 107, 108, 109, 111, 122, 128, 129, 132, 133, 142, 143, 149, 150, 151, 152, 153, 154, 155, 156, 158, 159, 161, 171, 177, 178, 180, 181, 183, 192, 193, 194, 196, 206, 208, 210, 211, 212, 213, 214, 216, 217, 218, 221, 229, 230, 231, 233, 242, 245, 246, 249, 250, 259, 260, 263, 264, 272, 275, 289, 293, 330, 332, 348, 373, 385, 386, 387, 393, 394, 396, 398, 399, 400, 401, 402, 403, 410], "excluded_lines": [], "functions": {"verify_admin_user": {"executed_lines": [], "summary": {"covered_lines": 0, "num_statements": 3, "percent_covered": 0.0, "percent_covered_display": "0", "missing_lines": 3, "excluded_lines": 0}, "missing_lines": [56, 57, 60], "excluded_lines": []}, "get_ai_provider_priorities": {"executed_lines": [], "summary": {"covered_lines": 0, "num_statements": 2, "percent_covered": 0.0, "percent_covered_display": "0", "missing_lines": 2, "excluded_lines": 0}, "missing_lines": [69, 72], "excluded_lines": []}, "create_ai_provider_priority": {"executed_lines": [], "summary": {"covered_lines": 0, "num_statements": 8, "percent_covered": 0.0, "percent_covered_display": "0", "missing_lines": 8, "excluded_lines": 0}, "missing_lines": [84, 90, 91, 96, 107, 108, 109, 111], "excluded_lines": []}, "update_ai_provider_priority": {"executed_lines": [], "summary": {"covered_lines": 0, "num_statements": 18, "percent_covered": 0.0, "percent_covered_display": "0", "missing_lines": 18, "excluded_lines": 0}, "missing_lines": [122, 128, 129, 132, 133, 142, 143, 149, 150, 151, 152, 153, 154, 155, 156, 158, 159, 161], "excluded_lines": []}, "delete_ai_provider_priority": {"executed_lines": [], "summary": {"covered_lines": 0, "num_statements": 6, "percent_covered": 0.0, "percent_covered_display": "0", "missing_lines": 6, "excluded_lines": 0}, "missing_lines": [171, 177, 178, 180, 181, 183], "excluded_lines": []}, "get_budget_settings": {"executed_lines": [], "summary": {"covered_lines": 0, "num_statements": 4, "percent_covered": 0.0, "percent_covered_display": "0", "missing_lines": 4, "excluded_lines": 0}, "missing_lines": [192, 193, 194, 196], "excluded_lines": []}, "create_or_update_budget_settings": {"executed_lines": [], "summary": {"covered_lines": 0, "num_statements": 15, "percent_covered": 0.0, "percent_covered_display": "0", "missing_lines": 15, "excluded_lines": 0}, "missing_lines": [206, 208, 210, 211, 212, 213, 214, 216, 217, 218, 221, 229, 230, 231, 233], "excluded_lines": []}, "get_usage_statistics": {"executed_lines": [], "summary": {"covered_lines": 0, "num_statements": 13, "percent_covered": 0.0, "percent_covered_display": "0", "missing_lines": 13, "excluded_lines": 0}, "missing_lines": [242, 245, 246, 249, 250, 259, 260, 263, 264, 272, 275, 289, 293], "excluded_lines": []}, "get_cost_breakdown": {"executed_lines": [], "summary": {"covered_lines": 0, "num_statements": 3, "percent_covered": 0.0, "percent_covered_display": "0", "missing_lines": 3, "excluded_lines": 0}, "missing_lines": [330, 332, 348], "excluded_lines": []}, "provider_pricing": {"executed_lines": [], "summary": {"covered_lines": 0, "num_statements": 1, "percent_covered": 0.0, "percent_covered_display": "0", "missing_lines": 1, "excluded_lines": 0}, "missing_lines": [373], "excluded_lines": []}, "validate_provider": {"executed_lines": [], "summary": {"covered_lines": 0, "num_statements": 3, "percent_covered": 0.0, "percent_covered_display": "0", "missing_lines": 3, "excluded_lines": 0}, "missing_lines": [385, 386, 387], "excluded_lines": []}, "export_logs_csv": {"executed_lines": [], "summary": {"covered_lines": 0, "num_statements": 10, "percent_covered": 0.0, "percent_covered_display": "0", "missing_lines": 10, "excluded_lines": 0}, "missing_lines": [393, 394, 396, 398, 399, 400, 401, 402, 403, 410], "excluded_lines": []}, "": {"executed_lines": [1, 2, 4, 5, 6, 7, 9, 12, 13, 14, 15, 16, 18, 22, 23, 24, 25, 26, 27, 28, 29, 32, 33, 34, 35, 36, 39, 40, 41, 42, 43, 44, 45, 46, 47, 51, 64, 65, 75, 76, 114, 115, 164, 165, 187, 188, 199, 200, 237, 238, 323, 324, 370, 371, 381, 382, 390, 391], "summary": {"covered_lines": 58, "num_statements": 58, "percent_covered": 100.0, "percent_covered_display": "100", "missing_lines": 0, "excluded_lines": 0}, "missing_lines": [], "excluded_lines": []}}, "classes": {"AIProviderPriorityRequest": {"executed_lines": [], "summary": {"covered_lines": 0, "num_statements": 0, "percent_covered": 100.0, "percent_covered_display": "100", "missing_lines": 0, "excluded_lines": 0}, "missing_lines": [], "excluded_lines": []}, "BudgetSettingsRequest": {"executed_lines": [], "summary": {"covered_lines": 0, "num_statements": 0, "percent_covered": 100.0, "percent_covered_display": "100", "missing_lines": 0, "excluded_lines": 0}, "missing_lines": [], "excluded_lines": []}, "UsageStatsResponse": {"executed_lines": [], "summary": {"covered_lines": 0, "num_statements": 0, "percent_covered": 100.0, "percent_covered_display": "100", "missing_lines": 0, "excluded_lines": 0}, "missing_lines": [], "excluded_lines": []}, "": {"executed_lines": [1, 2, 4, 5, 6, 7, 9, 12, 13, 14, 15, 16, 18, 22, 23, 24, 25, 26, 27, 28, 29, 32, 33, 34, 35, 36, 39, 40, 41, 42, 43, 44, 45, 46, 47, 51, 64, 65, 75, 76, 114, 115, 164, 165, 187, 188, 199, 200, 237, 238, 323, 324, 370, 371, 381, 382, 390, 391], "summary": {"covered_lines": 58, "num_statements": 144, "percent_covered": 40.27777777777778, "percent_covered_display": "40", "missing_lines": 86, "excluded_lines": 0}, "missing_lines": [56, 57, 60, 69, 72, 84, 90, 91, 96, 107, 108, 109, 111, 122, 128, 129, 132, 133, 142, 143, 149, 150, 151, 152, 153, 154, 155, 156, 158, 159, 161, 171, 177, 178, 180, 181, 183, 192, 193, 194, 196, 206, 208, 210, 211, 212, 213, 214, 216, 217, 218, 221, 229, 230, 231, 233, 242, 245, 246, 249, 250, 259, 260, 263, 264, 272, 275, 289, 293, 330, 332, 348, 373, 385, 386, 387, 393, 394, 396, 398, 399, 400, 401, 402, 403, 410], "excluded_lines": []}}}, "api/routes/ai.py": {"executed_lines": [1, 3, 4, 6, 13, 19, 20, 21, 22, 23, 25, 28, 29, 65, 66, 85, 86, 110, 111, 130, 131], "summary": {"covered_lines": 21, "num_statements": 44, "percent_covered": 47.72727272727273, "percent_covered_display": "48", "missing_lines": 23, "excluded_lines": 0}, "missing_lines": [31, 32, 34, 72, 73, 77, 78, 79, 92, 93, 102, 103, 104, 117, 118, 122, 123, 124, 137, 138, 142, 143, 144], "excluded_lines": [], "functions": {"get_provider_status": {"executed_lines": [], "summary": {"covered_lines": 0, "num_statements": 3, "percent_covered": 0.0, "percent_covered_display": "0", "missing_lines": 3, "excluded_lines": 0}, "missing_lines": [31, 32, 34], "excluded_lines": []}, "chat_with_coach": {"executed_lines": [], "summary": {"covered_lines": 0, "num_statements": 5, "percent_covered": 0.0, "percent_covered_display": "0", "missing_lines": 5, "excluded_lines": 0}, "missing_lines": [72, 73, 77, 78, 79], "excluded_lines": []}, "generate_workout_plan": {"executed_lines": [], "summary": {"covered_lines": 0, "num_statements": 5, "percent_covered": 0.0, "percent_covered_display": "0", "missing_lines": 5, "excluded_lines": 0}, "missing_lines": [92, 93, 102, 103, 104], "excluded_lines": []}, "analyze_workout": {"executed_lines": [], "summary": {"covered_lines": 0, "num_statements": 5, "percent_covered": 0.0, "percent_covered_display": "0", "missing_lines": 5, "excluded_lines": 0}, "missing_lines": [117, 118, 122, 123, 124], "excluded_lines": []}, "get_chat_history": {"executed_lines": [], "summary": {"covered_lines": 0, "num_statements": 5, "percent_covered": 0.0, "percent_covered_display": "0", "missing_lines": 5, "excluded_lines": 0}, "missing_lines": [137, 138, 142, 143, 144], "excluded_lines": []}, "": {"executed_lines": [1, 3, 4, 6, 13, 19, 20, 21, 22, 23, 25, 28, 29, 65, 66, 85, 86, 110, 111, 130, 131], "summary": {"covered_lines": 21, "num_statements": 21, "percent_covered": 100.0, "percent_covered_display": "100", "missing_lines": 0, "excluded_lines": 0}, "missing_lines": [], "excluded_lines": []}}, "classes": {"": {"executed_lines": [1, 3, 4, 6, 13, 19, 20, 21, 22, 23, 25, 28, 29, 65, 66, 85, 86, 110, 111, 130, 131], "summary": {"covered_lines": 21, "num_statements": 44, "percent_covered": 47.72727272727273, "percent_covered_display": "48", "missing_lines": 23, "excluded_lines": 0}, "missing_lines": [31, 32, 34, 72, 73, 77, 78, 79, 92, 93, 102, 103, 104, 117, 118, 122, 123, 124, 137, 138, 142, 143, 144], "excluded_lines": []}}}, "api/routes/auth.py": {"executed_lines": [2, 3, 4, 5, 7, 8, 11, 12, 20, 21, 22, 24, 26, 28, 29, 32, 33, 34, 109, 110, 111, 114, 115, 116, 200, 201, 204, 205, 206, 251, 252, 256, 257, 262, 263, 264, 315, 316, 317, 320, 321, 322, 386, 387, 388], "summary": {"covered_lines": 45, "num_statements": 151, "percent_covered": 29.801324503311257, "percent_covered_display": "30", "missing_lines": 106, "excluded_lines": 0}, "missing_lines": [44, 46, 47, 50, 51, 56, 57, 63, 73, 74, 81, 88, 90, 92, 95, 96, 98, 104, 128, 130, 131, 134, 135, 138, 143, 144, 149, 150, 156, 161, 162, 167, 174, 176, 178, 179, 183, 186, 187, 189, 195, 215, 216, 218, 219, 222, 224, 225, 228, 235, 237, 238, 243, 244, 245, 248, 253, 259, 271, 272, 273, 276, 277, 282, 283, 284, 289, 291, 292, 296, 303, 305, 306, 312, 331, 332, 333, 336, 337, 342, 347, 349, 354, 355, 359, 360, 363, 370, 372, 373, 378, 379, 380, 383, 395, 396, 398, 399, 401, 402, 404, 406, 407, 408, 409, 412], "excluded_lines": [], "functions": {"register": {"executed_lines": [], "summary": {"covered_lines": 0, "num_statements": 18, "percent_covered": 0.0, "percent_covered_display": "0", "missing_lines": 18, "excluded_lines": 0}, "missing_lines": [44, 46, 47, 50, 51, 56, 57, 63, 73, 74, 81, 88, 90, 92, 95, 96, 98, 104], "excluded_lines": []}, "login": {"executed_lines": [], "summary": {"covered_lines": 0, "num_statements": 23, "percent_covered": 0.0, "percent_covered_display": "0", "missing_lines": 23, "excluded_lines": 0}, "missing_lines": [128, 130, 131, 134, 135, 138, 143, 144, 149, 150, 156, 161, 162, 167, 174, 176, 178, 179, 183, 186, 187, 189, 195], "excluded_lines": []}, "refresh_token": {"executed_lines": [], "summary": {"covered_lines": 0, "num_statements": 15, "percent_covered": 0.0, "percent_covered_display": "0", "missing_lines": 15, "excluded_lines": 0}, "missing_lines": [215, 216, 218, 219, 222, 224, 225, 228, 235, 237, 238, 243, 244, 245, 248], "excluded_lines": []}, "get_me": {"executed_lines": [], "summary": {"covered_lines": 0, "num_statements": 1, "percent_covered": 0.0, "percent_covered_display": "0", "missing_lines": 1, "excluded_lines": 0}, "missing_lines": [253], "excluded_lines": []}, "logout": {"executed_lines": [], "summary": {"covered_lines": 0, "num_statements": 1, "percent_covered": 0.0, "percent_covered_display": "0", "missing_lines": 1, "excluded_lines": 0}, "missing_lines": [259], "excluded_lines": []}, "forgot_password": {"executed_lines": [], "summary": {"covered_lines": 0, "num_statements": 16, "percent_covered": 0.0, "percent_covered_display": "0", "missing_lines": 16, "excluded_lines": 0}, "missing_lines": [271, 272, 273, 276, 277, 282, 283, 284, 289, 291, 292, 296, 303, 305, 306, 312], "excluded_lines": []}, "reset_password": {"executed_lines": [], "summary": {"covered_lines": 0, "num_statements": 20, "percent_covered": 0.0, "percent_covered_display": "0", "missing_lines": 20, "excluded_lines": 0}, "missing_lines": [331, 332, 333, 336, 337, 342, 347, 349, 354, 355, 359, 360, 363, 370, 372, 373, 378, 379, 380, 383], "excluded_lines": []}, "verify_token": {"executed_lines": [], "summary": {"covered_lines": 0, "num_statements": 12, "percent_covered": 0.0, "percent_covered_display": "0", "missing_lines": 12, "excluded_lines": 0}, "missing_lines": [395, 396, 398, 399, 401, 402, 404, 406, 407, 408, 409, 412], "excluded_lines": []}, "": {"executed_lines": [2, 3, 4, 5, 7, 8, 11, 12, 20, 21, 22, 24, 26, 28, 29, 32, 33, 34, 109, 110, 111, 114, 115, 116, 200, 201, 204, 205, 206, 251, 252, 256, 257, 262, 263, 264, 315, 316, 317, 320, 321, 322, 386, 387, 388], "summary": {"covered_lines": 45, "num_statements": 45, "percent_covered": 100.0, "percent_covered_display": "100", "missing_lines": 0, "excluded_lines": 0}, "missing_lines": [], "excluded_lines": []}}, "classes": {"LoginRequest": {"executed_lines": [], "summary": {"covered_lines": 0, "num_statements": 0, "percent_covered": 100.0, "percent_covered_display": "100", "missing_lines": 0, "excluded_lines": 0}, "missing_lines": [], "excluded_lines": []}, "RefreshRequest": {"executed_lines": [], "summary": {"covered_lines": 0, "num_statements": 0, "percent_covered": 100.0, "percent_covered_display": "100", "missing_lines": 0, "excluded_lines": 0}, "missing_lines": [], "excluded_lines": []}, "ResetPasswordRequest": {"executed_lines": [], "summary": {"covered_lines": 0, "num_statements": 0, "percent_covered": 100.0, "percent_covered_display": "100", "missing_lines": 0, "excluded_lines": 0}, "missing_lines": [], "excluded_lines": []}, "": {"executed_lines": [2, 3, 4, 5, 7, 8, 11, 12, 20, 21, 22, 24, 26, 28, 29, 32, 33, 34, 109, 110, 111, 114, 115, 116, 200, 201, 204, 205, 206, 251, 252, 256, 257, 262, 263, 264, 315, 316, 317, 320, 321, 322, 386, 387, 388], "summary": {"covered_lines": 45, "num_statements": 151, "percent_covered": 29.801324503311257, "percent_covered_display": "30", "missing_lines": 106, "excluded_lines": 0}, "missing_lines": [44, 46, 47, 50, 51, 56, 57, 63, 73, 74, 81, 88, 90, 92, 95, 96, 98, 104, 128, 130, 131, 134, 135, 138, 143, 144, 149, 150, 156, 161, 162, 167, 174, 176, 178, 179, 183, 186, 187, 189, 195, 215, 216, 218, 219, 222, 224, 225, 228, 235, 237, 238, 243, 244, 245, 248, 253, 259, 271, 272, 273, 276, 277, 282, 283, 284, 289, 291, 292, 296, 303, 305, 306, 312, 331, 332, 333, 336, 337, 342, 347, 349, 354, 355, 359, 360, 363, 370, 372, 373, 378, 379, 380, 383, 395, 396, 398, 399, 401, 402, 404, 406, 407, 408, 409, 412], "excluded_lines": []}}}, "api/routes/llm_orchestration.py": {"executed_lines": [1, 6, 7, 9, 10, 11, 12, 14, 21, 22, 23, 24, 25, 26, 28, 32, 33, 36, 39, 42, 45, 46, 49, 50, 51, 52, 53, 54, 55, 56, 57, 58, 59, 62, 63, 64, 65, 66, 67, 68, 71, 72, 73, 74, 75, 78, 81, 84, 85, 86, 87, 90, 91, 92, 93, 94, 97, 98, 101, 102, 103, 104, 105, 106, 107, 110, 113, 118, 119, 120, 121, 122, 125, 128, 131, 136, 137, 138, 139, 140, 146, 147, 194, 195, 237, 238, 256, 257, 282, 283, 327, 330, 358, 359, 393, 394, 431, 432, 469, 472, 498, 499, 560, 561], "summary": {"covered_lines": 103, "num_statements": 205, "percent_covered": 50.24390243902439, "percent_covered_display": "50", "missing_lines": 102, "excluded_lines": 0}, "missing_lines": [156, 157, 160, 172, 174, 187, 188, 204, 205, 208, 219, 220, 221, 222, 224, 230, 231, 243, 244, 245, 247, 249, 250, 264, 265, 266, 268, 272, 274, 275, 290, 291, 294, 300, 312, 313, 315, 320, 321, 337, 338, 340, 342, 343, 344, 346, 351, 352, 364, 365, 367, 376, 378, 379, 381, 386, 387, 399, 400, 402, 414, 416, 417, 419, 424, 425, 439, 440, 442, 452, 454, 455, 457, 462, 463, 482, 483, 485, 489, 491, 492, 504, 505, 507, 508, 510, 511, 513, 514, 515, 516, 518, 545, 547, 553, 554, 566, 567, 569, 571, 576, 577], "excluded_lines": [], "functions": {"process_llm_request": {"executed_lines": [], "summary": {"covered_lines": 0, "num_statements": 7, "percent_covered": 0.0, "percent_covered_display": "0", "missing_lines": 7, "excluded_lines": 0}, "missing_lines": [156, 157, 160, 172, 174, 187, 188], "excluded_lines": []}, "process_llm_request_stream": {"executed_lines": [], "summary": {"covered_lines": 0, "num_statements": 7, "percent_covered": 0.0, "percent_covered_display": "0", "missing_lines": 7, "excluded_lines": 0}, "missing_lines": [204, 205, 208, 219, 224, 230, 231], "excluded_lines": []}, "process_llm_request_stream.stream_generator": {"executed_lines": [], "summary": {"covered_lines": 0, "num_statements": 3, "percent_covered": 0.0, "percent_covered_display": "0", "missing_lines": 3, "excluded_lines": 0}, "missing_lines": [220, 221, 222], "excluded_lines": []}, "get_system_status": {"executed_lines": [], "summary": {"covered_lines": 0, "num_statements": 6, "percent_covered": 0.0, "percent_covered_display": "0", "missing_lines": 6, "excluded_lines": 0}, "missing_lines": [243, 244, 245, 247, 249, 250], "excluded_lines": []}, "get_user_usage_summary": {"executed_lines": [], "summary": {"covered_lines": 0, "num_statements": 7, "percent_covered": 0.0, "percent_covered_display": "0", "missing_lines": 7, "excluded_lines": 0}, "missing_lines": [264, 265, 266, 268, 272, 274, 275], "excluded_lines": []}, "add_model_configuration": {"executed_lines": [], "summary": {"covered_lines": 0, "num_statements": 9, "percent_covered": 0.0, "percent_covered_display": "0", "missing_lines": 9, "excluded_lines": 0}, "missing_lines": [290, 291, 294, 300, 312, 313, 315, 320, 321], "excluded_lines": []}, "toggle_model_activation": {"executed_lines": [], "summary": {"covered_lines": 0, "num_statements": 9, "percent_covered": 0.0, "percent_covered_display": "0", "missing_lines": 9, "excluded_lines": 0}, "missing_lines": [337, 338, 340, 342, 343, 344, 346, 351, 352], "excluded_lines": []}, "add_routing_rule": {"executed_lines": [], "summary": {"covered_lines": 0, "num_statements": 9, "percent_covered": 0.0, "percent_covered_display": "0", "missing_lines": 9, "excluded_lines": 0}, "missing_lines": [364, 365, 367, 376, 378, 379, 381, 386, 387], "excluded_lines": []}, "create_ab_test": {"executed_lines": [], "summary": {"covered_lines": 0, "num_statements": 9, "percent_covered": 0.0, "percent_covered_display": "0", "missing_lines": 9, "excluded_lines": 0}, "missing_lines": [399, 400, 402, 414, 416, 417, 419, 424, 425], "excluded_lines": []}, "create_budget_configuration": {"executed_lines": [], "summary": {"covered_lines": 0, "num_statements": 9, "percent_covered": 0.0, "percent_covered_display": "0", "missing_lines": 9, "excluded_lines": 0}, "missing_lines": [439, 440, 442, 452, 454, 455, 457, 462, 463], "excluded_lines": []}, "get_usage_report": {"executed_lines": [], "summary": {"covered_lines": 0, "num_statements": 6, "percent_covered": 0.0, "percent_covered_display": "0", "missing_lines": 6, "excluded_lines": 0}, "missing_lines": [482, 483, 485, 489, 491, 492], "excluded_lines": []}, "list_model_configurations": {"executed_lines": [], "summary": {"covered_lines": 0, "num_statements": 15, "percent_covered": 0.0, "percent_covered_display": "0", "missing_lines": 15, "excluded_lines": 0}, "missing_lines": [504, 505, 507, 508, 510, 511, 513, 514, 515, 516, 518, 545, 547, 553, 554], "excluded_lines": []}, "export_configuration": {"executed_lines": [], "summary": {"covered_lines": 0, "num_statements": 6, "percent_covered": 0.0, "percent_covered_display": "0", "missing_lines": 6, "excluded_lines": 0}, "missing_lines": [566, 567, 569, 571, 576, 577], "excluded_lines": []}, "": {"executed_lines": [1, 6, 7, 9, 10, 11, 12, 14, 21, 22, 23, 24, 25, 26, 28, 32, 33, 36, 39, 42, 45, 46, 49, 50, 51, 52, 53, 54, 55, 56, 57, 58, 59, 62, 63, 64, 65, 66, 67, 68, 71, 72, 73, 74, 75, 78, 81, 84, 85, 86, 87, 90, 91, 92, 93, 94, 97, 98, 101, 102, 103, 104, 105, 106, 107, 110, 113, 118, 119, 120, 121, 122, 125, 128, 131, 136, 137, 138, 139, 140, 146, 147, 194, 195, 237, 238, 256, 257, 282, 283, 327, 330, 358, 359, 393, 394, 431, 432, 469, 472, 498, 499, 560, 561], "summary": {"covered_lines": 103, "num_statements": 103, "percent_covered": 100.0, "percent_covered_display": "100", "missing_lines": 0, "excluded_lines": 0}, "missing_lines": [], "excluded_lines": []}}, "classes": {"LLMRequest": {"executed_lines": [], "summary": {"covered_lines": 0, "num_statements": 0, "percent_covered": 100.0, "percent_covered_display": "100", "missing_lines": 0, "excluded_lines": 0}, "missing_lines": [], "excluded_lines": []}, "LLMResponse": {"executed_lines": [], "summary": {"covered_lines": 0, "num_statements": 0, "percent_covered": 100.0, "percent_covered_display": "100", "missing_lines": 0, "excluded_lines": 0}, "missing_lines": [], "excluded_lines": []}, "SystemStatusResponse": {"executed_lines": [], "summary": {"covered_lines": 0, "num_statements": 0, "percent_covered": 100.0, "percent_covered_display": "100", "missing_lines": 0, "excluded_lines": 0}, "missing_lines": [], "excluded_lines": []}, "ModelConfigRequest": {"executed_lines": [], "summary": {"covered_lines": 0, "num_statements": 0, "percent_covered": 100.0, "percent_covered_display": "100", "missing_lines": 0, "excluded_lines": 0}, "missing_lines": [], "excluded_lines": []}, "RoutingRuleRequest": {"executed_lines": [], "summary": {"covered_lines": 0, "num_statements": 0, "percent_covered": 100.0, "percent_covered_display": "100", "missing_lines": 0, "excluded_lines": 0}, "missing_lines": [], "excluded_lines": []}, "ABTestRequest": {"executed_lines": [], "summary": {"covered_lines": 0, "num_statements": 0, "percent_covered": 100.0, "percent_covered_display": "100", "missing_lines": 0, "excluded_lines": 0}, "missing_lines": [], "excluded_lines": []}, "BudgetConfigRequest": {"executed_lines": [], "summary": {"covered_lines": 0, "num_statements": 0, "percent_covered": 100.0, "percent_covered_display": "100", "missing_lines": 0, "excluded_lines": 0}, "missing_lines": [], "excluded_lines": []}, "UsageReportRequest": {"executed_lines": [], "summary": {"covered_lines": 0, "num_statements": 0, "percent_covered": 100.0, "percent_covered_display": "100", "missing_lines": 0, "excluded_lines": 0}, "missing_lines": [], "excluded_lines": []}, "": {"executed_lines": [1, 6, 7, 9, 10, 11, 12, 14, 21, 22, 23, 24, 25, 26, 28, 32, 33, 36, 39, 42, 45, 46, 49, 50, 51, 52, 53, 54, 55, 56, 57, 58, 59, 62, 63, 64, 65, 66, 67, 68, 71, 72, 73, 74, 75, 78, 81, 84, 85, 86, 87, 90, 91, 92, 93, 94, 97, 98, 101, 102, 103, 104, 105, 106, 107, 110, 113, 118, 119, 120, 121, 122, 125, 128, 131, 136, 137, 138, 139, 140, 146, 147, 194, 195, 237, 238, 256, 257, 282, 283, 327, 330, 358, 359, 393, 394, 431, 432, 469, 472, 498, 499, 560, 561], "summary": {"covered_lines": 103, "num_statements": 205, "percent_covered": 50.24390243902439, "percent_covered_display": "50", "missing_lines": 102, "excluded_lines": 0}, "missing_lines": [156, 157, 160, 172, 174, 187, 188, 204, 205, 208, 219, 220, 221, 222, 224, 230, 231, 243, 244, 245, 247, 249, 250, 264, 265, 266, 268, 272, 274, 275, 290, 291, 294, 300, 312, 313, 315, 320, 321, 337, 338, 340, 342, 343, 344, 346, 351, 352, 364, 365, 367, 376, 378, 379, 381, 386, 387, 399, 400, 402, 414, 416, 417, 419, 424, 425, 439, 440, 442, 452, 454, 455, 457, 462, 463, 482, 483, 485, 489, 491, 492, 504, 505, 507, 508, 510, 511, 513, 514, 515, 516, 518, 545, 547, 553, 554, 566, 567, 569, 571, 576, 577], "excluded_lines": []}}}, "api/routes/tiers.py": {"executed_lines": [1, 5, 7, 8, 10, 11, 12, 13, 14, 16, 19, 20, 72, 73, 120, 121], "summary": {"covered_lines": 15, "num_statements": 38, "percent_covered": 39.473684210526315, "percent_covered_display": "39", "missing_lines": 23, "excluded_lines": 0}, "missing_lines": [26, 29, 31, 81, 82, 83, 89, 90, 91, 93, 94, 104, 105, 107, 108, 114, 127, 128, 131, 132, 133, 155, 157], "excluded_lines": [], "functions": {"get_current_tier_info": {"executed_lines": [], "summary": {"covered_lines": 0, "num_statements": 3, "percent_covered": 0.0, "percent_covered_display": "0", "missing_lines": 3, "excluded_lines": 0}, "missing_lines": [26, 29, 31], "excluded_lines": []}, "upgrade_tier": {"executed_lines": [], "summary": {"covered_lines": 0, "num_statements": 13, "percent_covered": 0.0, "percent_covered_display": "0", "missing_lines": 13, "excluded_lines": 0}, "missing_lines": [81, 82, 83, 89, 90, 91, 93, 94, 104, 105, 107, 108, 114], "excluded_lines": []}, "get_usage_analytics": {"executed_lines": [], "summary": {"covered_lines": 0, "num_statements": 7, "percent_covered": 0.0, "percent_covered_display": "0", "missing_lines": 7, "excluded_lines": 0}, "missing_lines": [127, 128, 131, 132, 133, 155, 157], "excluded_lines": []}, "": {"executed_lines": [1, 5, 7, 8, 10, 11, 12, 13, 14, 16, 19, 20, 72, 73, 120, 121], "summary": {"covered_lines": 15, "num_statements": 15, "percent_covered": 100.0, "percent_covered_display": "100", "missing_lines": 0, "excluded_lines": 0}, "missing_lines": [], "excluded_lines": []}}, "classes": {"": {"executed_lines": [1, 5, 7, 8, 10, 11, 12, 13, 14, 16, 19, 20, 72, 73, 120, 121], "summary": {"covered_lines": 15, "num_statements": 38, "percent_covered": 39.473684210526315, "percent_covered_display": "39", "missing_lines": 23, "excluded_lines": 0}, "missing_lines": [26, 29, 31, 81, 82, 83, 89, 90, 91, 93, 94, 104, 105, 107, 108, 114, 127, 128, 131, 132, 133, 155, 157], "excluded_lines": []}}}, "api/routes/users.py": {"executed_lines": [1, 2, 4, 10, 15, 16, 17, 19, 22, 23, 31, 32, 47, 48, 57, 58, 67, 68], "summary": {"covered_lines": 18, "num_statements": 28, "percent_covered": 64.28571428571429, "percent_covered_display": "64", "missing_lines": 10, "excluded_lines": 0}, "missing_lines": [28, 39, 41, 42, 44, 54, 64, 76, 77, 81], "excluded_lines": [], "functions": {"get_me": {"executed_lines": [], "summary": {"covered_lines": 0, "num_statements": 1, "percent_covered": 0.0, "percent_covered_display": "0", "missing_lines": 1, "excluded_lines": 0}, "missing_lines": [28], "excluded_lines": []}, "update_me": {"executed_lines": [], "summary": {"covered_lines": 0, "num_statements": 4, "percent_covered": 0.0, "percent_covered_display": "0", "missing_lines": 4, "excluded_lines": 0}, "missing_lines": [39, 41, 42, 44], "excluded_lines": []}, "add_progress_metric": {"executed_lines": [], "summary": {"covered_lines": 0, "num_statements": 1, "percent_covered": 0.0, "percent_covered_display": "0", "missing_lines": 1, "excluded_lines": 0}, "missing_lines": [54], "excluded_lines": []}, "get_my_progress": {"executed_lines": [], "summary": {"covered_lines": 0, "num_statements": 1, "percent_covered": 0.0, "percent_covered_display": "0", "missing_lines": 1, "excluded_lines": 0}, "missing_lines": [64], "excluded_lines": []}, "get_progress": {"executed_lines": [], "summary": {"covered_lines": 0, "num_statements": 3, "percent_covered": 0.0, "percent_covered_display": "0", "missing_lines": 3, "excluded_lines": 0}, "missing_lines": [76, 77, 81], "excluded_lines": []}, "": {"executed_lines": [1, 2, 4, 10, 15, 16, 17, 19, 22, 23, 31, 32, 47, 48, 57, 58, 67, 68], "summary": {"covered_lines": 18, "num_statements": 18, "percent_covered": 100.0, "percent_covered_display": "100", "missing_lines": 0, "excluded_lines": 0}, "missing_lines": [], "excluded_lines": []}}, "classes": {"": {"executed_lines": [1, 2, 4, 10, 15, 16, 17, 19, 22, 23, 31, 32, 47, 48, 57, 58, 67, 68], "summary": {"covered_lines": 18, "num_statements": 28, "percent_covered": 64.28571428571429, "percent_covered_display": "64", "missing_lines": 10, "excluded_lines": 0}, "missing_lines": [28, 39, 41, 42, 44, 54, 64, 76, 77, 81], "excluded_lines": []}}}, "api/routes/workouts.py": {"executed_lines": [1, 2, 4, 10, 18, 19, 20, 22, 25, 26, 35, 36, 45, 46, 55, 56, 65, 66, 75, 76], "summary": {"covered_lines": 20, "num_statements": 26, "percent_covered": 76.92307692307692, "percent_covered_display": "77", "missing_lines": 6, "excluded_lines": 0}, "missing_lines": [32, 42, 52, 62, 72, 81], "excluded_lines": [], "functions": {"list_plans": {"executed_lines": [], "summary": {"covered_lines": 0, "num_statements": 1, "percent_covered": 0.0, "percent_covered_display": "0", "missing_lines": 1, "excluded_lines": 0}, "missing_lines": [32], "excluded_lines": []}, "create_plan": {"executed_lines": [], "summary": {"covered_lines": 0, "num_statements": 1, "percent_covered": 0.0, "percent_covered_display": "0", "missing_lines": 1, "excluded_lines": 0}, "missing_lines": [42], "excluded_lines": []}, "get_plan": {"executed_lines": [], "summary": {"covered_lines": 0, "num_statements": 1, "percent_covered": 0.0, "percent_covered_display": "0", "missing_lines": 1, "excluded_lines": 0}, "missing_lines": [52], "excluded_lines": []}, "log_workout_session": {"executed_lines": [], "summary": {"covered_lines": 0, "num_statements": 1, "percent_covered": 0.0, "percent_covered_display": "0", "missing_lines": 1, "excluded_lines": 0}, "missing_lines": [62], "excluded_lines": []}, "get_logs": {"executed_lines": [], "summary": {"covered_lines": 0, "num_statements": 1, "percent_covered": 0.0, "percent_covered_display": "0", "missing_lines": 1, "excluded_lines": 0}, "missing_lines": [72], "excluded_lines": []}, "get_workout_days": {"executed_lines": [], "summary": {"covered_lines": 0, "num_statements": 1, "percent_covered": 0.0, "percent_covered_display": "0", "missing_lines": 1, "excluded_lines": 0}, "missing_lines": [81], "excluded_lines": []}, "": {"executed_lines": [1, 2, 4, 10, 18, 19, 20, 22, 25, 26, 35, 36, 45, 46, 55, 56, 65, 66, 75, 76], "summary": {"covered_lines": 20, "num_statements": 20, "percent_covered": 100.0, "percent_covered_display": "100", "missing_lines": 0, "excluded_lines": 0}, "missing_lines": [], "excluded_lines": []}}, "classes": {"": {"executed_lines": [1, 2, 4, 10, 18, 19, 20, 22, 25, 26, 35, 36, 45, 46, 55, 56, 65, 66, 75, 76], "summary": {"covered_lines": 20, "num_statements": 26, "percent_covered": 76.92307692307692, "percent_covered_display": "77", "missing_lines": 6, "excluded_lines": 0}, "missing_lines": [32, 42, 52, 62, 72, 81], "excluded_lines": []}}}, "api/schemas/__init__.py": {"executed_lines": [1], "summary": {"covered_lines": 0, "num_statements": 0, "percent_covered": 100.0, "percent_covered_display": "100", "missing_lines": 0, "excluded_lines": 0}, "missing_lines": [], "excluded_lines": [], "functions": {"": {"executed_lines": [], "summary": {"covered_lines": 0, "num_statements": 0, "percent_covered": 100.0, "percent_covered_display": "100", "missing_lines": 0, "excluded_lines": 0}, "missing_lines": [], "excluded_lines": []}}, "classes": {"": {"executed_lines": [], "summary": {"covered_lines": 0, "num_statements": 0, "percent_covered": 100.0, "percent_covered_display": "100", "missing_lines": 0, "excluded_lines": 0}, "missing_lines": [], "excluded_lines": []}}}, "api/schemas/admin.py": {"executed_lines": [1, 5, 6, 8, 12, 13, 15, 18, 19, 20, 23, 26, 29, 34, 35, 38, 39, 41, 42, 43, 47, 48, 51, 54, 57, 62, 63, 66, 67, 69, 70, 71, 75, 76, 78, 79, 80, 81, 82, 83, 84, 85, 86, 87, 88, 89, 93, 94, 95, 96, 99, 100, 103, 104, 105, 108, 109, 111, 112, 113, 117, 118, 119, 120, 121, 122, 123, 124, 125, 128, 129, 131, 132, 133, 134, 135, 136, 137, 138, 141, 142, 143, 144, 145, 146, 147, 151, 152, 153, 154, 155, 156, 157, 158, 162, 163, 164, 165, 166, 167, 168, 169, 170, 173, 174, 176, 177, 178, 179, 180, 181, 182, 183, 186, 187, 189, 190, 191, 192, 193, 194, 197, 198, 200, 201, 202, 203, 204, 207, 208, 210, 211, 212, 213, 216, 217, 219, 220, 221, 222, 225, 226, 228, 229, 230, 231, 232, 233, 234, 235], "summary": {"covered_lines": 143, "num_statements": 143, "percent_covered": 100.0, "percent_covered_display": "100", "missing_lines": 0, "excluded_lines": 0}, "missing_lines": [], "excluded_lines": [], "functions": {"": {"executed_lines": [1, 5, 6, 8, 12, 13, 15, 18, 19, 20, 23, 26, 29, 34, 35, 38, 39, 41, 42, 43, 47, 48, 51, 54, 57, 62, 63, 66, 67, 69, 70, 71, 75, 76, 78, 79, 80, 81, 82, 83, 84, 85, 86, 87, 88, 89, 93, 94, 95, 96, 99, 100, 103, 104, 105, 108, 109, 111, 112, 113, 117, 118, 119, 120, 121, 122, 123, 124, 125, 128, 129, 131, 132, 133, 134, 135, 136, 137, 138, 141, 142, 143, 144, 145, 146, 147, 151, 152, 153, 154, 155, 156, 157, 158, 162, 163, 164, 165, 166, 167, 168, 169, 170, 173, 174, 176, 177, 178, 179, 180, 181, 182, 183, 186, 187, 189, 190, 191, 192, 193, 194, 197, 198, 200, 201, 202, 203, 204, 207, 208, 210, 211, 212, 213, 216, 217, 219, 220, 221, 222, 225, 226, 228, 229, 230, 231, 232, 233, 234, 235], "summary": {"covered_lines": 143, "num_statements": 143, "percent_covered": 100.0, "percent_covered_display": "100", "missing_lines": 0, "excluded_lines": 0}, "missing_lines": [], "excluded_lines": []}}, "classes": {"AIProviderPriorityBase": {"executed_lines": [], "summary": {"covered_lines": 0, "num_statements": 0, "percent_covered": 100.0, "percent_covered_display": "100", "missing_lines": 0, "excluded_lines": 0}, "missing_lines": [], "excluded_lines": []}, "AIProviderPriorityCreate": {"executed_lines": [], "summary": {"covered_lines": 0, "num_statements": 0, "percent_covered": 100.0, "percent_covered_display": "100", "missing_lines": 0, "excluded_lines": 0}, "missing_lines": [], "excluded_lines": []}, "AIProviderPriorityResponse": {"executed_lines": [], "summary": {"covered_lines": 0, "num_statements": 0, "percent_covered": 100.0, "percent_covered_display": "100", "missing_lines": 0, "excluded_lines": 0}, "missing_lines": [], "excluded_lines": []}, "BudgetSettingsBase": {"executed_lines": [], "summary": {"covered_lines": 0, "num_statements": 0, "percent_covered": 100.0, "percent_covered_display": "100", "missing_lines": 0, "excluded_lines": 0}, "missing_lines": [], "excluded_lines": []}, "BudgetSettingsUpdate": {"executed_lines": [], "summary": {"covered_lines": 0, "num_statements": 0, "percent_covered": 100.0, "percent_covered_display": "100", "missing_lines": 0, "excluded_lines": 0}, "missing_lines": [], "excluded_lines": []}, "BudgetSettingsResponse": {"executed_lines": [], "summary": {"covered_lines": 0, "num_statements": 0, "percent_covered": 100.0, "percent_covered_display": "100", "missing_lines": 0, "excluded_lines": 0}, "missing_lines": [], "excluded_lines": []}, "AIUsageLogResponse": {"executed_lines": [], "summary": {"covered_lines": 0, "num_statements": 0, "percent_covered": 100.0, "percent_covered_display": "100", "missing_lines": 0, "excluded_lines": 0}, "missing_lines": [], "excluded_lines": []}, "AdminSettingsBase": {"executed_lines": [], "summary": {"covered_lines": 0, "num_statements": 0, "percent_covered": 100.0, "percent_covered_display": "100", "missing_lines": 0, "excluded_lines": 0}, "missing_lines": [], "excluded_lines": []}, "AdminSettingsCreate": {"executed_lines": [], "summary": {"covered_lines": 0, "num_statements": 0, "percent_covered": 100.0, "percent_covered_display": "100", "missing_lines": 0, "excluded_lines": 0}, "missing_lines": [], "excluded_lines": []}, "AdminSettingsUpdate": {"executed_lines": [], "summary": {"covered_lines": 0, "num_statements": 0, "percent_covered": 100.0, "percent_covered_display": "100", "missing_lines": 0, "excluded_lines": 0}, "missing_lines": [], "excluded_lines": []}, "AdminSettingsResponse": {"executed_lines": [], "summary": {"covered_lines": 0, "num_statements": 0, "percent_covered": 100.0, "percent_covered_display": "100", "missing_lines": 0, "excluded_lines": 0}, "missing_lines": [], "excluded_lines": []}, "UsageStatsResponse": {"executed_lines": [], "summary": {"covered_lines": 0, "num_statements": 0, "percent_covered": 100.0, "percent_covered_display": "100", "missing_lines": 0, "excluded_lines": 0}, "missing_lines": [], "excluded_lines": []}, "ProviderStatsResponse": {"executed_lines": [], "summary": {"covered_lines": 0, "num_statements": 0, "percent_covered": 100.0, "percent_covered_display": "100", "missing_lines": 0, "excluded_lines": 0}, "missing_lines": [], "excluded_lines": []}, "CostBreakdownResponse": {"executed_lines": [], "summary": {"covered_lines": 0, "num_statements": 0, "percent_covered": 100.0, "percent_covered_display": "100", "missing_lines": 0, "excluded_lines": 0}, "missing_lines": [], "excluded_lines": []}, "SystemHealthResponse": {"executed_lines": [], "summary": {"covered_lines": 0, "num_statements": 0, "percent_covered": 100.0, "percent_covered_display": "100", "missing_lines": 0, "excluded_lines": 0}, "missing_lines": [], "excluded_lines": []}, "AlertResponse": {"executed_lines": [], "summary": {"covered_lines": 0, "num_statements": 0, "percent_covered": 100.0, "percent_covered_display": "100", "missing_lines": 0, "excluded_lines": 0}, "missing_lines": [], "excluded_lines": []}, "ModelConfiguration": {"executed_lines": [], "summary": {"covered_lines": 0, "num_statements": 0, "percent_covered": 100.0, "percent_covered_display": "100", "missing_lines": 0, "excluded_lines": 0}, "missing_lines": [], "excluded_lines": []}, "LLMProviderConfiguration": {"executed_lines": [], "summary": {"covered_lines": 0, "num_statements": 0, "percent_covered": 100.0, "percent_covered_display": "100", "missing_lines": 0, "excluded_lines": 0}, "missing_lines": [], "excluded_lines": []}, "BudgetConfiguration": {"executed_lines": [], "summary": {"covered_lines": 0, "num_statements": 0, "percent_covered": 100.0, "percent_covered_display": "100", "missing_lines": 0, "excluded_lines": 0}, "missing_lines": [], "excluded_lines": []}, "SystemHealth": {"executed_lines": [], "summary": {"covered_lines": 0, "num_statements": 0, "percent_covered": 100.0, "percent_covered_display": "100", "missing_lines": 0, "excluded_lines": 0}, "missing_lines": [], "excluded_lines": []}, "UserManagement": {"executed_lines": [], "summary": {"covered_lines": 0, "num_statements": 0, "percent_covered": 100.0, "percent_covered_display": "100", "missing_lines": 0, "excluded_lines": 0}, "missing_lines": [], "excluded_lines": []}, "UsageAnalytics": {"executed_lines": [], "summary": {"covered_lines": 0, "num_statements": 0, "percent_covered": 100.0, "percent_covered_display": "100", "missing_lines": 0, "excluded_lines": 0}, "missing_lines": [], "excluded_lines": []}, "": {"executed_lines": [1, 5, 6, 8, 12, 13, 15, 18, 19, 20, 23, 26, 29, 34, 35, 38, 39, 41, 42, 43, 47, 48, 51, 54, 57, 62, 63, 66, 67, 69, 70, 71, 75, 76, 78, 79, 80, 81, 82, 83, 84, 85, 86, 87, 88, 89, 93, 94, 95, 96, 99, 100, 103, 104, 105, 108, 109, 111, 112, 113, 117, 118, 119, 120, 121, 122, 123, 124, 125, 128, 129, 131, 132, 133, 134, 135, 136, 137, 138, 141, 142, 143, 144, 145, 146, 147, 151, 152, 153, 154, 155, 156, 157, 158, 162, 163, 164, 165, 166, 167, 168, 169, 170, 173, 174, 176, 177, 178, 179, 180, 181, 182, 183, 186, 187, 189, 190, 191, 192, 193, 194, 197, 198, 200, 201, 202, 203, 204, 207, 208, 210, 211, 212, 213, 216, 217, 219, 220, 221, 222, 225, 226, 228, 229, 230, 231, 232, 233, 234, 235], "summary": {"covered_lines": 143, "num_statements": 143, "percent_covered": 100.0, "percent_covered_display": "100", "missing_lines": 0, "excluded_lines": 0}, "missing_lines": [], "excluded_lines": []}}}, "api/schemas/ai.py": {"executed_lines": [1, 2, 4, 7, 8, 11, 12, 13, 16, 17, 20, 21, 22, 23, 26, 27, 29, 30, 31, 34, 35, 37, 38, 39, 42, 43, 44, 45, 46, 47, 48, 49, 52, 53, 54, 55, 56, 57], "summary": {"covered_lines": 35, "num_statements": 35, "percent_covered": 100.0, "percent_covered_display": "100", "missing_lines": 0, "excluded_lines": 0}, "missing_lines": [], "excluded_lines": [], "functions": {"": {"executed_lines": [1, 2, 4, 7, 8, 11, 12, 13, 16, 17, 20, 21, 22, 23, 26, 27, 29, 30, 31, 34, 35, 37, 38, 39, 42, 43, 44, 45, 46, 47, 48, 49, 52, 53, 54, 55, 56, 57], "summary": {"covered_lines": 35, "num_statements": 35, "percent_covered": 100.0, "percent_covered_display": "100", "missing_lines": 0, "excluded_lines": 0}, "missing_lines": [], "excluded_lines": []}}, "classes": {"ChatMessage": {"executed_lines": [], "summary": {"covered_lines": 0, "num_statements": 0, "percent_covered": 100.0, "percent_covered_display": "100", "missing_lines": 0, "excluded_lines": 0}, "missing_lines": [], "excluded_lines": []}, "ChatResponse": {"executed_lines": [], "summary": {"covered_lines": 0, "num_statements": 0, "percent_covered": 100.0, "percent_covered_display": "100", "missing_lines": 0, "excluded_lines": 0}, "missing_lines": [], "excluded_lines": []}, "WorkoutRecommendationRequest": {"executed_lines": [], "summary": {"covered_lines": 0, "num_statements": 0, "percent_covered": 100.0, "percent_covered_display": "100", "missing_lines": 0, "excluded_lines": 0}, "missing_lines": [], "excluded_lines": []}, "WorkoutSessionRequest": {"executed_lines": [], "summary": {"covered_lines": 0, "num_statements": 0, "percent_covered": 100.0, "percent_covered_display": "100", "missing_lines": 0, "excluded_lines": 0}, "missing_lines": [], "excluded_lines": []}, "ChatRequest": {"executed_lines": [], "summary": {"covered_lines": 0, "num_statements": 0, "percent_covered": 100.0, "percent_covered_display": "100", "missing_lines": 0, "excluded_lines": 0}, "missing_lines": [], "excluded_lines": []}, "GeneratedWorkoutPlan": {"executed_lines": [], "summary": {"covered_lines": 0, "num_statements": 0, "percent_covered": 100.0, "percent_covered_display": "100", "missing_lines": 0, "excluded_lines": 0}, "missing_lines": [], "excluded_lines": []}, "WorkoutAnalysis": {"executed_lines": [], "summary": {"covered_lines": 0, "num_statements": 0, "percent_covered": 100.0, "percent_covered_display": "100", "missing_lines": 0, "excluded_lines": 0}, "missing_lines": [], "excluded_lines": []}, "": {"executed_lines": [1, 2, 4, 7, 8, 11, 12, 13, 16, 17, 20, 21, 22, 23, 26, 27, 29, 30, 31, 34, 35, 37, 38, 39, 42, 43, 44, 45, 46, 47, 48, 49, 52, 53, 54, 55, 56, 57], "summary": {"covered_lines": 35, "num_statements": 35, "percent_covered": 100.0, "percent_covered_display": "100", "missing_lines": 0, "excluded_lines": 0}, "missing_lines": [], "excluded_lines": []}}}, "api/schemas/auth.py": {"executed_lines": [1, 3, 4, 7, 8, 9, 10, 11, 12, 13, 16, 17, 18, 21, 22, 23, 24, 27, 28, 31, 32, 33, 34, 35, 36, 37, 38, 39, 40, 41, 42], "summary": {"covered_lines": 31, "num_statements": 31, "percent_covered": 100.0, "percent_covered_display": "100", "missing_lines": 0, "excluded_lines": 0}, "missing_lines": [], "excluded_lines": [], "functions": {"": {"executed_lines": [1, 3, 4, 7, 8, 9, 10, 11, 12, 13, 16, 17, 18, 21, 22, 23, 24, 27, 28, 31, 32, 33, 34, 35, 36, 37, 38, 39, 40, 41, 42], "summary": {"covered_lines": 31, "num_statements": 31, "percent_covered": 100.0, "percent_covered_display": "100", "missing_lines": 0, "excluded_lines": 0}, "missing_lines": [], "excluded_lines": []}}, "classes": {"UserRegister": {"executed_lines": [], "summary": {"covered_lines": 0, "num_statements": 0, "percent_covered": 100.0, "percent_covered_display": "100", "missing_lines": 0, "excluded_lines": 0}, "missing_lines": [], "excluded_lines": []}, "UserLogin": {"executed_lines": [], "summary": {"covered_lines": 0, "num_statements": 0, "percent_covered": 100.0, "percent_covered_display": "100", "missing_lines": 0, "excluded_lines": 0}, "missing_lines": [], "excluded_lines": []}, "Token": {"executed_lines": [], "summary": {"covered_lines": 0, "num_statements": 0, "percent_covered": 100.0, "percent_covered_display": "100", "missing_lines": 0, "excluded_lines": 0}, "missing_lines": [], "excluded_lines": []}, "TokenData": {"executed_lines": [], "summary": {"covered_lines": 0, "num_statements": 0, "percent_covered": 100.0, "percent_covered_display": "100", "missing_lines": 0, "excluded_lines": 0}, "missing_lines": [], "excluded_lines": []}, "UserResponse": {"executed_lines": [], "summary": {"covered_lines": 0, "num_statements": 0, "percent_covered": 100.0, "percent_covered_display": "100", "missing_lines": 0, "excluded_lines": 0}, "missing_lines": [], "excluded_lines": []}, "": {"executed_lines": [1, 3, 4, 7, 8, 9, 10, 11, 12, 13, 16, 17, 18, 21, 22, 23, 24, 27, 28, 31, 32, 33, 34, 35, 36, 37, 38, 39, 40, 41, 42], "summary": {"covered_lines": 31, "num_statements": 31, "percent_covered": 100.0, "percent_covered_display": "100", "missing_lines": 0, "excluded_lines": 0}, "missing_lines": [], "excluded_lines": []}}}, "api/schemas/users.py": {"executed_lines": [1, 3, 5, 6, 9, 10, 11, 12, 13, 14, 15, 16, 17, 18, 19, 22, 23, 25, 26, 27, 28, 29, 32, 33, 34, 35, 36, 39, 40, 41, 42, 43, 44, 45, 46, 47], "summary": {"covered_lines": 35, "num_statements": 35, "percent_covered": 100.0, "percent_covered_display": "100", "missing_lines": 0, "excluded_lines": 0}, "missing_lines": [], "excluded_lines": [], "functions": {"": {"executed_lines": [1, 3, 5, 6, 9, 10, 11, 12, 13, 14, 15, 16, 17, 18, 19, 22, 23, 25, 26, 27, 28, 29, 32, 33, 34, 35, 36, 39, 40, 41, 42, 43, 44, 45, 46, 47], "summary": {"covered_lines": 35, "num_statements": 35, "percent_covered": 100.0, "percent_covered_display": "100", "missing_lines": 0, "excluded_lines": 0}, "missing_lines": [], "excluded_lines": []}}, "classes": {"UserProfileResponse": {"executed_lines": [], "summary": {"covered_lines": 0, "num_statements": 0, "percent_covered": 100.0, "percent_covered_display": "100", "missing_lines": 0, "excluded_lines": 0}, "missing_lines": [], "excluded_lines": []}, "UserProfileUpdate": {"executed_lines": [], "summary": {"covered_lines": 0, "num_statements": 0, "percent_covered": 100.0, "percent_covered_display": "100", "missing_lines": 0, "excluded_lines": 0}, "missing_lines": [], "excluded_lines": []}, "ProgressMetricCreate": {"executed_lines": [], "summary": {"covered_lines": 0, "num_statements": 0, "percent_covered": 100.0, "percent_covered_display": "100", "missing_lines": 0, "excluded_lines": 0}, "missing_lines": [], "excluded_lines": []}, "ProgressMetricResponse": {"executed_lines": [], "summary": {"covered_lines": 0, "num_statements": 0, "percent_covered": 100.0, "percent_covered_display": "100", "missing_lines": 0, "excluded_lines": 0}, "missing_lines": [], "excluded_lines": []}, "": {"executed_lines": [1, 3, 5, 6, 9, 10, 11, 12, 13, 14, 15, 16, 17, 18, 19, 22, 23, 25, 26, 27, 28, 29, 32, 33, 34, 35, 36, 39, 40, 41, 42, 43, 44, 45, 46, 47], "summary": {"covered_lines": 35, "num_statements": 35, "percent_covered": 100.0, "percent_covered_display": "100", "missing_lines": 0, "excluded_lines": 0}, "missing_lines": [], "excluded_lines": []}}}, "api/schemas/workouts.py": {"executed_lines": [1, 5, 7, 9, 10, 13, 14, 16, 17, 18, 19, 22, 23, 25, 26, 27, 28, 31, 32, 34, 35, 36, 37, 38, 39, 40, 43, 44, 46, 47, 48, 49, 50, 53, 54, 56, 57, 58, 59, 60, 61, 64, 65, 66, 67, 68, 69, 72, 73, 74, 75, 76, 77, 78, 79, 80, 81, 82, 85, 86, 87, 88, 89, 90, 93, 94, 95, 96, 97, 98, 99, 100, 101, 102, 105, 106, 107, 108, 109], "summary": {"covered_lines": 73, "num_statements": 73, "percent_covered": 100.0, "percent_covered_display": "100", "missing_lines": 0, "excluded_lines": 0}, "missing_lines": [], "excluded_lines": [], "functions": {"": {"executed_lines": [1, 5, 7, 9, 10, 13, 14, 16, 17, 18, 19, 22, 23, 25, 26, 27, 28, 31, 32, 34, 35, 36, 37, 38, 39, 40, 43, 44, 46, 47, 48, 49, 50, 53, 54, 56, 57, 58, 59, 60, 61, 64, 65, 66, 67, 68, 69, 72, 73, 74, 75, 76, 77, 78, 79, 80, 81, 82, 85, 86, 87, 88, 89, 90, 93, 94, 95, 96, 97, 98, 99, 100, 101, 102, 105, 106, 107, 108, 109], "summary": {"covered_lines": 73, "num_statements": 73, "percent_covered": 100.0, "percent_covered_display": "100", "missing_lines": 0, "excluded_lines": 0}, "missing_lines": [], "excluded_lines": []}}, "classes": {"ExerciseSet": {"executed_lines": [], "summary": {"covered_lines": 0, "num_statements": 0, "percent_covered": 100.0, "percent_covered_display": "100", "missing_lines": 0, "excluded_lines": 0}, "missing_lines": [], "excluded_lines": []}, "Exercise": {"executed_lines": [], "summary": {"covered_lines": 0, "num_statements": 0, "percent_covered": 100.0, "percent_covered_display": "100", "missing_lines": 0, "excluded_lines": 0}, "missing_lines": [], "excluded_lines": []}, "WorkoutPlan": {"executed_lines": [], "summary": {"covered_lines": 0, "num_statements": 0, "percent_covered": 100.0, "percent_covered_display": "100", "missing_lines": 0, "excluded_lines": 0}, "missing_lines": [], "excluded_lines": []}, "WorkoutSession": {"executed_lines": [], "summary": {"covered_lines": 0, "num_statements": 0, "percent_covered": 100.0, "percent_covered_display": "100", "missing_lines": 0, "excluded_lines": 0}, "missing_lines": [], "excluded_lines": []}, "WorkoutPlanRequest": {"executed_lines": [], "summary": {"covered_lines": 0, "num_statements": 0, "percent_covered": 100.0, "percent_covered_display": "100", "missing_lines": 0, "excluded_lines": 0}, "missing_lines": [], "excluded_lines": []}, "WorkoutPlanCreate": {"executed_lines": [], "summary": {"covered_lines": 0, "num_statements": 0, "percent_covered": 100.0, "percent_covered_display": "100", "missing_lines": 0, "excluded_lines": 0}, "missing_lines": [], "excluded_lines": []}, "WorkoutPlanResponse": {"executed_lines": [], "summary": {"covered_lines": 0, "num_statements": 0, "percent_covered": 100.0, "percent_covered_display": "100", "missing_lines": 0, "excluded_lines": 0}, "missing_lines": [], "excluded_lines": []}, "WorkoutLogCreate": {"executed_lines": [], "summary": {"covered_lines": 0, "num_statements": 0, "percent_covered": 100.0, "percent_covered_display": "100", "missing_lines": 0, "excluded_lines": 0}, "missing_lines": [], "excluded_lines": []}, "WorkoutLogResponse": {"executed_lines": [], "summary": {"covered_lines": 0, "num_statements": 0, "percent_covered": 100.0, "percent_covered_display": "100", "missing_lines": 0, "excluded_lines": 0}, "missing_lines": [], "excluded_lines": []}, "AIWorkoutRequest": {"executed_lines": [], "summary": {"covered_lines": 0, "num_statements": 0, "percent_covered": 100.0, "percent_covered_display": "100", "missing_lines": 0, "excluded_lines": 0}, "missing_lines": [], "excluded_lines": []}, "": {"executed_lines": [1, 5, 7, 9, 10, 13, 14, 16, 17, 18, 19, 22, 23, 25, 26, 27, 28, 31, 32, 34, 35, 36, 37, 38, 39, 40, 43, 44, 46, 47, 48, 49, 50, 53, 54, 56, 57, 58, 59, 60, 61, 64, 65, 66, 67, 68, 69, 72, 73, 74, 75, 76, 77, 78, 79, 80, 81, 82, 85, 86, 87, 88, 89, 90, 93, 94, 95, 96, 97, 98, 99, 100, 101, 102, 105, 106, 107, 108, 109], "summary": {"covered_lines": 73, "num_statements": 73, "percent_covered": 100.0, "percent_covered_display": "100", "missing_lines": 0, "excluded_lines": 0}, "missing_lines": [], "excluded_lines": []}}}, "api/services/__init__.py": {"executed_lines": [1], "summary": {"covered_lines": 0, "num_statements": 0, "percent_covered": 100.0, "percent_covered_display": "100", "missing_lines": 0, "excluded_lines": 0}, "missing_lines": [], "excluded_lines": [], "functions": {"": {"executed_lines": [], "summary": {"covered_lines": 0, "num_statements": 0, "percent_covered": 100.0, "percent_covered_display": "100", "missing_lines": 0, "excluded_lines": 0}, "missing_lines": [], "excluded_lines": []}}, "classes": {"": {"executed_lines": [], "summary": {"covered_lines": 0, "num_statements": 0, "percent_covered": 100.0, "percent_covered_display": "100", "missing_lines": 0, "excluded_lines": 0}, "missing_lines": [], "excluded_lines": []}}}, "api/services/ai.py": {"executed_lines": [1, 2, 3, 4, 6, 7, 10, 13, 14, 15, 18, 19, 20, 23, 27, 30, 31, 34, 112, 165, 203], "summary": {"covered_lines": 21, "num_statements": 69, "percent_covered": 30.434782608695652, "percent_covered_display": "30", "missing_lines": 48, "excluded_lines": 0}, "missing_lines": [43, 44, 50, 51, 52, 54, 55, 56, 64, 72, 74, 76, 78, 86, 91, 92, 103, 104, 106, 108, 109, 123, 124, 130, 131, 133, 134, 136, 145, 153, 154, 156, 158, 159, 170, 171, 176, 177, 178, 179, 184, 192, 193, 194, 196, 197, 207, 208], "excluded_lines": [], "functions": {"chat_with_ai_coach": {"executed_lines": [], "summary": {"covered_lines": 0, "num_statements": 21, "percent_covered": 0.0, "percent_covered_display": "0", "missing_lines": 21, "excluded_lines": 0}, "missing_lines": [43, 44, 50, 51, 52, 54, 55, 56, 64, 72, 74, 76, 78, 86, 91, 92, 103, 104, 106, 108, 109], "excluded_lines": []}, "generate_ai_workout_plan": {"executed_lines": [], "summary": {"covered_lines": 0, "num_statements": 13, "percent_covered": 0.0, "percent_covered_display": "0", "missing_lines": 13, "excluded_lines": 0}, "missing_lines": [123, 124, 130, 131, 133, 134, 136, 145, 153, 154, 156, 158, 159], "excluded_lines": []}, "analyze_user_workout": {"executed_lines": [], "summary": {"covered_lines": 0, "num_statements": 12, "percent_covered": 0.0, "percent_covered_display": "0", "missing_lines": 12, "excluded_lines": 0}, "missing_lines": [170, 171, 176, 177, 178, 179, 184, 192, 193, 194, 196, 197], "excluded_lines": []}, "get_conversation_history": {"executed_lines": [], "summary": {"covered_lines": 0, "num_statements": 2, "percent_covered": 0.0, "percent_covered_display": "0", "missing_lines": 2, "excluded_lines": 0}, "missing_lines": [207, 208], "excluded_lines": []}, "": {"executed_lines": [1, 2, 3, 4, 6, 7, 10, 13, 14, 15, 18, 19, 20, 23, 27, 30, 31, 34, 112, 165, 203], "summary": {"covered_lines": 21, "num_statements": 21, "percent_covered": 100.0, "percent_covered_display": "100", "missing_lines": 0, "excluded_lines": 0}, "missing_lines": [], "excluded_lines": []}}, "classes": {"": {"executed_lines": [1, 2, 3, 4, 6, 7, 10, 13, 14, 15, 18, 19, 20, 23, 27, 30, 31, 34, 112, 165, 203], "summary": {"covered_lines": 21, "num_statements": 69, "percent_covered": 30.434782608695652, "percent_covered_display": "30", "missing_lines": 48, "excluded_lines": 0}, "missing_lines": [43, 44, 50, 51, 52, 54, 55, 56, 64, 72, 74, 76, 78, 86, 91, 92, 103, 104, 106, 108, 109, 123, 124, 130, 131, 133, 134, 136, 145, 153, 154, 156, 158, 159, 170, 171, 176, 177, 178, 179, 184, 192, 193, 194, 196, 197, 207, 208], "excluded_lines": []}}}, "api/services/auth.py": {"executed_lines": [1, 6, 7, 8, 10, 11, 12, 13, 14, 15, 17, 18, 21, 22, 23, 25, 26, 27, 30, 33, 34, 35, 38, 39, 41, 42, 44, 61, 63, 117, 120, 127, 128, 129, 130, 134, 148, 150, 190, 192, 193, 194, 198, 264, 313, 380, 433, 474, 486, 500, 515], "summary": {"covered_lines": 49, "num_statements": 186, "percent_covered": 26.344086021505376, "percent_covered_display": "26", "missing_lines": 137, "excluded_lines": 0}, "missing_lines": [71, 72, 73, 77, 82, 85, 94, 95, 96, 99, 101, 103, 118, 119, 121, 122, 123, 152, 154, 157, 158, 161, 162, 165, 166, 169, 171, 173, 191, 211, 213, 217, 218, 220, 221, 224, 226, 227, 229, 230, 233, 235, 237, 251, 252, 253, 256, 257, 258, 259, 260, 274, 275, 277, 279, 293, 294, 300, 305, 306, 308, 329, 331, 333, 334, 336, 337, 340, 342, 343, 345, 346, 349, 352, 353, 355, 357, 359, 365, 366, 367, 370, 371, 372, 373, 374, 375, 376, 393, 395, 397, 398, 400, 401, 404, 406, 407, 409, 410, 412, 424, 425, 426, 427, 428, 429, 430, 431, 444, 455, 463, 466, 470, 476, 477, 483, 490, 491, 492, 493, 496, 497, 503, 510, 512, 520, 521, 522, 523, 524, 525, 530, 531, 537, 538, 539, 545], "excluded_lines": [], "functions": {"AuthService.__init__": {"executed_lines": [42], "summary": {"covered_lines": 1, "num_statements": 1, "percent_covered": 100.0, "percent_covered_display": "100", "missing_lines": 0, "excluded_lines": 0}, "missing_lines": [], "excluded_lines": []}, "AuthService.register_user": {"executed_lines": [61, 63, 117, 120, 127, 128, 129, 130], "summary": {"covered_lines": 8, "num_statements": 25, "percent_covered": 32.0, "percent_covered_display": "32", "missing_lines": 17, "excluded_lines": 0}, "missing_lines": [71, 72, 73, 77, 82, 85, 94, 95, 96, 99, 101, 103, 118, 119, 121, 122, 123], "excluded_lines": []}, "AuthService.authenticate_user": {"executed_lines": [148, 150, 190, 192, 193, 194], "summary": {"covered_lines": 6, "num_statements": 18, "percent_covered": 33.333333333333336, "percent_covered_display": "33", "missing_lines": 12, "excluded_lines": 0}, "missing_lines": [152, 154, 157, 158, 161, 162, 165, 166, 169, 171, 173, 191], "excluded_lines": []}, "AuthService.refresh_access_token": {"executed_lines": [], "summary": {"covered_lines": 0, "num_statements": 22, "percent_covered": 0.0, "percent_covered_display": "0", "missing_lines": 22, "excluded_lines": 0}, "missing_lines": [211, 213, 217, 218, 220, 221, 224, 226, 227, 229, 230, 233, 235, 237, 251, 252, 253, 256, 257, 258, 259, 260], "excluded_lines": []}, "AuthService.request_password_reset": {"executed_lines": [], "summary": {"covered_lines": 0, "num_statements": 10, "percent_covered": 0.0, "percent_covered_display": "0", "missing_lines": 10, "excluded_lines": 0}, "missing_lines": [274, 275, 277, 279, 293, 294, 300, 305, 306, 308], "excluded_lines": []}, "AuthService.reset_password": {"executed_lines": [], "summary": {"covered_lines": 0, "num_statements": 27, "percent_covered": 0.0, "percent_covered_display": "0", "missing_lines": 27, "excluded_lines": 0}, "missing_lines": [329, 331, 333, 334, 336, 337, 340, 342, 343, 345, 346, 349, 352, 353, 355, 357, 359, 365, 366, 367, 370, 371, 372, 373, 374, 375, 376], "excluded_lines": []}, "AuthService.verify_token": {"executed_lines": [], "summary": {"covered_lines": 0, "num_statements": 20, "percent_covered": 0.0, "percent_covered_display": "0", "missing_lines": 20, "excluded_lines": 0}, "missing_lines": [393, 395, 397, 398, 400, 401, 404, 406, 407, 409, 410, 412, 424, 425, 426, 427, 428, 429, 430, 431], "excluded_lines": []}, "AuthService._create_user_tokens": {"executed_lines": [], "summary": {"covered_lines": 0, "num_statements": 5, "percent_covered": 0.0, "percent_covered_display": "0", "missing_lines": 5, "excluded_lines": 0}, "missing_lines": [444, 455, 463, 466, 470], "excluded_lines": []}, "register_user": {"executed_lines": [], "summary": {"covered_lines": 0, "num_statements": 3, "percent_covered": 0.0, "percent_covered_display": "0", "missing_lines": 3, "excluded_lines": 0}, "missing_lines": [476, 477, 483], "excluded_lines": []}, "authenticate_user": {"executed_lines": [], "summary": {"covered_lines": 0, "num_statements": 6, "percent_covered": 0.0, "percent_covered_display": "0", "missing_lines": 6, "excluded_lines": 0}, "missing_lines": [490, 491, 492, 493, 496, 497], "excluded_lines": []}, "create_user_token": {"executed_lines": [], "summary": {"covered_lines": 0, "num_statements": 3, "percent_covered": 0.0, "percent_covered_display": "0", "missing_lines": 3, "excluded_lines": 0}, "missing_lines": [503, 510, 512], "excluded_lines": []}, "get_current_user": {"executed_lines": [], "summary": {"covered_lines": 0, "num_statements": 12, "percent_covered": 0.0, "percent_covered_display": "0", "missing_lines": 12, "excluded_lines": 0}, "missing_lines": [520, 521, 522, 523, 524, 525, 530, 531, 537, 538, 539, 545], "excluded_lines": []}, "": {"executed_lines": [1, 6, 7, 8, 10, 11, 12, 13, 14, 15, 17, 18, 21, 22, 23, 25, 26, 27, 30, 33, 34, 35, 38, 39, 41, 44, 134, 198, 264, 313, 380, 433, 474, 486, 500, 515], "summary": {"covered_lines": 34, "num_statements": 34, "percent_covered": 100.0, "percent_covered_display": "100", "missing_lines": 0, "excluded_lines": 0}, "missing_lines": [], "excluded_lines": []}}, "classes": {"AuthService": {"executed_lines": [42, 61, 63, 117, 120, 127, 128, 129, 130, 148, 150, 190, 192, 193, 194], "summary": {"covered_lines": 15, "num_statements": 128, "percent_covered": 11.71875, "percent_covered_display": "12", "missing_lines": 113, "excluded_lines": 0}, "missing_lines": [71, 72, 73, 77, 82, 85, 94, 95, 96, 99, 101, 103, 118, 119, 121, 122, 123, 152, 154, 157, 158, 161, 162, 165, 166, 169, 171, 173, 191, 211, 213, 217, 218, 220, 221, 224, 226, 227, 229, 230, 233, 235, 237, 251, 252, 253, 256, 257, 258, 259, 260, 274, 275, 277, 279, 293, 294, 300, 305, 306, 308, 329, 331, 333, 334, 336, 337, 340, 342, 343, 345, 346, 349, 352, 353, 355, 357, 359, 365, 366, 367, 370, 371, 372, 373, 374, 375, 376, 393, 395, 397, 398, 400, 401, 404, 406, 407, 409, 410, 412, 424, 425, 426, 427, 428, 429, 430, 431, 444, 455, 463, 466, 470], "excluded_lines": []}, "": {"executed_lines": [1, 6, 7, 8, 10, 11, 12, 13, 14, 15, 17, 18, 21, 22, 23, 25, 26, 27, 30, 33, 34, 35, 38, 39, 41, 44, 134, 198, 264, 313, 380, 433, 474, 486, 500, 515], "summary": {"covered_lines": 34, "num_statements": 58, "percent_covered": 58.62068965517241, "percent_covered_display": "59", "missing_lines": 24, "excluded_lines": 0}, "missing_lines": [476, 477, 483, 490, 491, 492, 493, 496, 497, 503, 510, 512, 520, 521, 522, 523, 524, 525, 530, 531, 537, 538, 539, 545], "excluded_lines": []}}}, "api/services/usage_tracking.py": {"executed_lines": [1, 5, 7, 8, 10, 11, 14, 15, 18, 93, 121, 137], "summary": {"covered_lines": 11, "num_statements": 43, "percent_covered": 25.58139534883721, "percent_covered_display": "26", "missing_lines": 32, "excluded_lines": 0}, "missing_lines": [16, 22, 29, 31, 32, 34, 37, 40, 42, 43, 46, 49, 51, 53, 62, 63, 66, 73, 74, 86, 87, 97, 109, 118, 119, 124, 134, 135, 140, 146, 152, 153], "excluded_lines": [], "functions": {"UsageTrackingService.__init__": {"executed_lines": [], "summary": {"covered_lines": 0, "num_statements": 1, "percent_covered": 0.0, "percent_covered_display": "0", "missing_lines": 1, "excluded_lines": 0}, "missing_lines": [16], "excluded_lines": []}, "UsageTrackingService.check_user_limits": {"executed_lines": [], "summary": {"covered_lines": 0, "num_statements": 20, "percent_covered": 0.0, "percent_covered_display": "0", "missing_lines": 20, "excluded_lines": 0}, "missing_lines": [22, 29, 31, 32, 34, 37, 40, 42, 43, 46, 49, 51, 53, 62, 63, 66, 73, 74, 86, 87], "excluded_lines": []}, "UsageTrackingService.track_usage": {"executed_lines": [], "summary": {"covered_lines": 0, "num_statements": 4, "percent_covered": 0.0, "percent_covered_display": "0", "missing_lines": 4, "excluded_lines": 0}, "missing_lines": [97, 109, 118, 119], "excluded_lines": []}, "UsageTrackingService.upgrade_user_tier": {"executed_lines": [], "summary": {"covered_lines": 0, "num_statements": 3, "percent_covered": 0.0, "percent_covered_display": "0", "missing_lines": 3, "excluded_lines": 0}, "missing_lines": [124, 134, 135], "excluded_lines": []}, "UsageTrackingService.reset_monthly_usage": {"executed_lines": [], "summary": {"covered_lines": 0, "num_statements": 4, "percent_covered": 0.0, "percent_covered_display": "0", "missing_lines": 4, "excluded_lines": 0}, "missing_lines": [140, 146, 152, 153], "excluded_lines": []}, "": {"executed_lines": [1, 5, 7, 8, 10, 11, 14, 15, 18, 93, 121, 137], "summary": {"covered_lines": 11, "num_statements": 11, "percent_covered": 100.0, "percent_covered_display": "100", "missing_lines": 0, "excluded_lines": 0}, "missing_lines": [], "excluded_lines": []}}, "classes": {"UsageTrackingService": {"executed_lines": [], "summary": {"covered_lines": 0, "num_statements": 32, "percent_covered": 0.0, "percent_covered_display": "0", "missing_lines": 32, "excluded_lines": 0}, "missing_lines": [16, 22, 29, 31, 32, 34, 37, 40, 42, 43, 46, 49, 51, 53, 62, 63, 66, 73, 74, 86, 87, 97, 109, 118, 119, 124, 134, 135, 140, 146, 152, 153], "excluded_lines": []}, "": {"executed_lines": [1, 5, 7, 8, 10, 11, 14, 15, 18, 93, 121, 137], "summary": {"covered_lines": 11, "num_statements": 11, "percent_covered": 100.0, "percent_covered_display": "100", "missing_lines": 0, "excluded_lines": 0}, "missing_lines": [], "excluded_lines": []}}}, "api/services/users.py": {"executed_lines": [1, 2, 4, 5, 7, 8, 11, 16, 27, 40, 58], "summary": {"covered_lines": 11, "num_statements": 26, "percent_covered": 42.30769230769231, "percent_covered_display": "42", "missing_lines": 15, "excluded_lines": 0}, "missing_lines": [18, 19, 20, 21, 24, 31, 32, 33, 34, 35, 44, 45, 55, 62, 63], "excluded_lines": [], "functions": {"get_user_profile": {"executed_lines": [], "summary": {"covered_lines": 0, "num_statements": 5, "percent_covered": 0.0, "percent_covered_display": "0", "missing_lines": 5, "excluded_lines": 0}, "missing_lines": [18, 19, 20, 21, 24], "excluded_lines": []}, "update_user_profile": {"executed_lines": [], "summary": {"covered_lines": 0, "num_statements": 5, "percent_covered": 0.0, "percent_covered_display": "0", "missing_lines": 5, "excluded_lines": 0}, "missing_lines": [31, 32, 33, 34, 35], "excluded_lines": []}, "create_progress_metric": {"executed_lines": [], "summary": {"covered_lines": 0, "num_statements": 3, "percent_covered": 0.0, "percent_covered_display": "0", "missing_lines": 3, "excluded_lines": 0}, "missing_lines": [44, 45, 55], "excluded_lines": []}, "get_user_progress": {"executed_lines": [], "summary": {"covered_lines": 0, "num_statements": 2, "percent_covered": 0.0, "percent_covered_display": "0", "missing_lines": 2, "excluded_lines": 0}, "missing_lines": [62, 63], "excluded_lines": []}, "": {"executed_lines": [1, 2, 4, 5, 7, 8, 11, 16, 27, 40, 58], "summary": {"covered_lines": 11, "num_statements": 11, "percent_covered": 100.0, "percent_covered_display": "100", "missing_lines": 0, "excluded_lines": 0}, "missing_lines": [], "excluded_lines": []}}, "classes": {"": {"executed_lines": [1, 2, 4, 5, 7, 8, 11, 16, 27, 40, 58], "summary": {"covered_lines": 11, "num_statements": 26, "percent_covered": 42.30769230769231, "percent_covered_display": "42", "missing_lines": 15, "excluded_lines": 0}, "missing_lines": [18, 19, 20, 21, 24, 31, 32, 33, 34, 35, 44, 45, 55, 62, 63], "excluded_lines": []}}}, "api/services/workouts.py": {"executed_lines": [1, 2, 4, 5, 7, 8, 11, 16, 36, 44, 55, 80, 88], "summary": {"covered_lines": 13, "num_statements": 34, "percent_covered": 38.23529411764706, "percent_covered_display": "38", "missing_lines": 21, "excluded_lines": 0}, "missing_lines": [20, 21, 33, 40, 41, 46, 47, 48, 49, 52, 58, 59, 60, 61, 65, 66, 77, 84, 85, 90, 91], "excluded_lines": [], "functions": {"create_workout_plan": {"executed_lines": [], "summary": {"covered_lines": 0, "num_statements": 3, "percent_covered": 0.0, "percent_covered_display": "0", "missing_lines": 3, "excluded_lines": 0}, "missing_lines": [20, 21, 33], "excluded_lines": []}, "get_user_workout_plans": {"executed_lines": [], "summary": {"covered_lines": 0, "num_statements": 2, "percent_covered": 0.0, "percent_covered_display": "0", "missing_lines": 2, "excluded_lines": 0}, "missing_lines": [40, 41], "excluded_lines": []}, "get_workout_plan": {"executed_lines": [], "summary": {"covered_lines": 0, "num_statements": 5, "percent_covered": 0.0, "percent_covered_display": "0", "missing_lines": 5, "excluded_lines": 0}, "missing_lines": [46, 47, 48, 49, 52], "excluded_lines": []}, "log_workout": {"executed_lines": [], "summary": {"covered_lines": 0, "num_statements": 7, "percent_covered": 0.0, "percent_covered_display": "0", "missing_lines": 7, "excluded_lines": 0}, "missing_lines": [58, 59, 60, 61, 65, 66, 77], "excluded_lines": []}, "get_user_workout_logs": {"executed_lines": [], "summary": {"covered_lines": 0, "num_statements": 2, "percent_covered": 0.0, "percent_covered_display": "0", "missing_lines": 2, "excluded_lines": 0}, "missing_lines": [84, 85], "excluded_lines": []}, "get_user_workout_days": {"executed_lines": [], "summary": {"covered_lines": 0, "num_statements": 2, "percent_covered": 0.0, "percent_covered_display": "0", "missing_lines": 2, "excluded_lines": 0}, "missing_lines": [90, 91], "excluded_lines": []}, "": {"executed_lines": [1, 2, 4, 5, 7, 8, 11, 16, 36, 44, 55, 80, 88], "summary": {"covered_lines": 13, "num_statements": 13, "percent_covered": 100.0, "percent_covered_display": "100", "missing_lines": 0, "excluded_lines": 0}, "missing_lines": [], "excluded_lines": []}}, "classes": {"": {"executed_lines": [1, 2, 4, 5, 7, 8, 11, 16, 36, 44, 55, 80, 88], "summary": {"covered_lines": 13, "num_statements": 34, "percent_covered": 38.23529411764706, "percent_covered_display": "38", "missing_lines": 21, "excluded_lines": 0}, "missing_lines": [20, 21, 33, 40, 41, 46, 47, 48, 49, 52, 58, 59, 60, 61, 65, 66, 77, 84, 85, 90, 91], "excluded_lines": []}}}, "application/__init__.py": {"executed_lines": [1], "summary": {"covered_lines": 0, "num_statements": 0, "percent_covered": 100.0, "percent_covered_display": "100", "missing_lines": 0, "excluded_lines": 0}, "missing_lines": [], "excluded_lines": [], "functions": {"": {"executed_lines": [], "summary": {"covered_lines": 0, "num_statements": 0, "percent_covered": 100.0, "percent_covered_display": "100", "missing_lines": 0, "excluded_lines": 0}, "missing_lines": [], "excluded_lines": []}}, "classes": {"": {"executed_lines": [], "summary": {"covered_lines": 0, "num_statements": 0, "percent_covered": 100.0, "percent_covered_display": "100", "missing_lines": 0, "excluded_lines": 0}, "missing_lines": [], "excluded_lines": []}}}, "application/llm/__init__.py": {"executed_lines": [1, 3], "summary": {"covered_lines": 2, "num_statements": 2, "percent_covered": 100.0, "percent_covered_display": "100", "missing_lines": 0, "excluded_lines": 0}, "missing_lines": [], "excluded_lines": [], "functions": {"": {"executed_lines": [1, 3], "summary": {"covered_lines": 2, "num_statements": 2, "percent_covered": 100.0, "percent_covered_display": "100", "missing_lines": 0, "excluded_lines": 0}, "missing_lines": [], "excluded_lines": []}}, "classes": {"": {"executed_lines": [1, 3], "summary": {"covered_lines": 2, "num_statements": 2, "percent_covered": 100.0, "percent_covered_display": "100", "missing_lines": 0, "excluded_lines": 0}, "missing_lines": [], "excluded_lines": []}}}, "application/llm/budget_enforcer.py": {"executed_lines": [1, 3, 8, 9, 11, 12, 14, 16, 17, 18], "summary": {"covered_lines": 9, "num_statements": 9, "percent_covered": 100.0, "percent_covered_display": "100", "missing_lines": 0, "excluded_lines": 0}, "missing_lines": [], "excluded_lines": [], "functions": {"BudgetEnforcer.__init__": {"executed_lines": [12], "summary": {"covered_lines": 1, "num_statements": 1, "percent_covered": 100.0, "percent_covered_display": "100", "missing_lines": 0, "excluded_lines": 0}, "missing_lines": [], "excluded_lines": []}, "BudgetEnforcer.ensure_within_budget": {"executed_lines": [16, 17, 18], "summary": {"covered_lines": 3, "num_statements": 3, "percent_covered": 100.0, "percent_covered_display": "100", "missing_lines": 0, "excluded_lines": 0}, "missing_lines": [], "excluded_lines": []}, "": {"executed_lines": [1, 3, 8, 9, 11, 14], "summary": {"covered_lines": 5, "num_statements": 5, "percent_covered": 100.0, "percent_covered_display": "100", "missing_lines": 0, "excluded_lines": 0}, "missing_lines": [], "excluded_lines": []}}, "classes": {"BudgetEnforcer": {"executed_lines": [12, 16, 17, 18], "summary": {"covered_lines": 4, "num_statements": 4, "percent_covered": 100.0, "percent_covered_display": "100", "missing_lines": 0, "excluded_lines": 0}, "missing_lines": [], "excluded_lines": []}, "": {"executed_lines": [1, 3, 8, 9, 11, 14], "summary": {"covered_lines": 5, "num_statements": 5, "percent_covered": 100.0, "percent_covered_display": "100", "missing_lines": 0, "excluded_lines": 0}, "missing_lines": [], "excluded_lines": []}}}, "application/llm/facade.py": {"executed_lines": [1, 3, 4, 6, 11, 12, 13, 14, 15, 16, 17, 22, 24, 25, 26, 27, 34, 35, 37, 69, 97, 134, 153], "summary": {"covered_lines": 22, "num_statements": 67, "percent_covered": 32.83582089552239, "percent_covered_display": "33", "missing_lines": 45, "excluded_lines": 0}, "missing_lines": [44, 45, 46, 49, 50, 51, 52, 53, 56, 57, 58, 59, 66, 67, 70, 71, 72, 74, 77, 83, 85, 88, 89, 90, 91, 98, 99, 101, 102, 105, 108, 109, 110, 115, 120, 123, 126, 128, 135, 145, 148, 149, 150, 151, 161], "excluded_lines": [], "functions": {"LLMGatewayFacade.__init__": {"executed_lines": [], "summary": {"covered_lines": 0, "num_statements": 14, "percent_covered": 0.0, "percent_covered_display": "0", "missing_lines": 14, "excluded_lines": 0}, "missing_lines": [44, 45, 46, 49, 50, 51, 52, 53, 56, 57, 58, 59, 66, 67], "excluded_lines": []}, "LLMGatewayFacade.initialize": {"executed_lines": [], "summary": {"covered_lines": 0, "num_statements": 11, "percent_covered": 0.0, "percent_covered_display": "0", "missing_lines": 11, "excluded_lines": 0}, "missing_lines": [70, 71, 72, 74, 77, 83, 85, 88, 89, 90, 91], "excluded_lines": []}, "LLMGatewayFacade.process_request": {"executed_lines": [], "summary": {"covered_lines": 0, "num_statements": 13, "percent_covered": 0.0, "percent_covered_display": "0", "missing_lines": 13, "excluded_lines": 0}, "missing_lines": [98, 99, 101, 102, 105, 108, 109, 110, 115, 120, 123, 126, 128], "excluded_lines": []}, "LLMGatewayFacade._select_adapter": {"executed_lines": [], "summary": {"covered_lines": 0, "num_statements": 6, "percent_covered": 0.0, "percent_covered_display": "0", "missing_lines": 6, "excluded_lines": 0}, "missing_lines": [135, 145, 148, 149, 150, 151], "excluded_lines": []}, "LLMGatewayFacade._to_gateway_response": {"executed_lines": [], "summary": {"covered_lines": 0, "num_statements": 1, "percent_covered": 0.0, "percent_covered_display": "0", "missing_lines": 1, "excluded_lines": 0}, "missing_lines": [161], "excluded_lines": []}, "": {"executed_lines": [1, 3, 4, 6, 11, 12, 13, 14, 15, 16, 17, 22, 24, 25, 26, 27, 34, 35, 37, 69, 97, 134, 153], "summary": {"covered_lines": 22, "num_statements": 22, "percent_covered": 100.0, "percent_covered_display": "100", "missing_lines": 0, "excluded_lines": 0}, "missing_lines": [], "excluded_lines": []}}, "classes": {"LLMGatewayFacade": {"executed_lines": [], "summary": {"covered_lines": 0, "num_statements": 45, "percent_covered": 0.0, "percent_covered_display": "0", "missing_lines": 45, "excluded_lines": 0}, "missing_lines": [44, 45, 46, 49, 50, 51, 52, 53, 56, 57, 58, 59, 66, 67, 70, 71, 72, 74, 77, 83, 85, 88, 89, 90, 91, 98, 99, 101, 102, 105, 108, 109, 110, 115, 120, 123, 126, 128, 135, 145, 148, 149, 150, 151, 161], "excluded_lines": []}, "": {"executed_lines": [1, 3, 4, 6, 11, 12, 13, 14, 15, 16, 17, 22, 24, 25, 26, 27, 34, 35, 37, 69, 97, 134, 153], "summary": {"covered_lines": 22, "num_statements": 22, "percent_covered": 100.0, "percent_covered_display": "100", "missing_lines": 0, "excluded_lines": 0}, "missing_lines": [], "excluded_lines": []}}}, "application/llm/request_validator.py": {"executed_lines": [1, 3, 4, 6, 16, 21, 22, 23, 25, 30, 33], "summary": {"covered_lines": 10, "num_statements": 11, "percent_covered": 90.9090909090909, "percent_covered_display": "91", "missing_lines": 1, "excluded_lines": 0}, "missing_lines": [31], "excluded_lines": [], "functions": {"RequestValidator.__call__": {"executed_lines": [30, 33], "summary": {"covered_lines": 2, "num_statements": 3, "percent_covered": 66.66666666666667, "percent_covered_display": "67", "missing_lines": 1, "excluded_lines": 0}, "missing_lines": [31], "excluded_lines": []}, "": {"executed_lines": [1, 3, 4, 6, 16, 21, 22, 23, 25], "summary": {"covered_lines": 8, "num_statements": 8, "percent_covered": 100.0, "percent_covered_display": "100", "missing_lines": 0, "excluded_lines": 0}, "missing_lines": [], "excluded_lines": []}}, "classes": {"RequestValidator": {"executed_lines": [30, 33], "summary": {"covered_lines": 2, "num_statements": 3, "percent_covered": 66.66666666666667, "percent_covered_display": "67", "missing_lines": 1, "excluded_lines": 0}, "missing_lines": [31], "excluded_lines": []}, "": {"executed_lines": [1, 3, 4, 6, 16, 21, 22, 23, 25], "summary": {"covered_lines": 8, "num_statements": 8, "percent_covered": 100.0, "percent_covered_display": "100", "missing_lines": 0, "excluded_lines": 0}, "missing_lines": [], "excluded_lines": []}}}, "application/llm/response_recorder.py": {"executed_lines": [1, 3, 4, 5, 6, 7, 8, 13, 14, 21, 22, 23, 24, 26, 35, 36, 41, 54, 61], "summary": {"covered_lines": 19, "num_statements": 21, "percent_covered": 90.47619047619048, "percent_covered_display": "90", "missing_lines": 2, "excluded_lines": 0}, "missing_lines": [37, 38], "excluded_lines": [], "functions": {"ResponseRecorder.__init__": {"executed_lines": [21, 22, 23, 24], "summary": {"covered_lines": 4, "num_statements": 4, "percent_covered": 100.0, "percent_covered_display": "100", "missing_lines": 0, "excluded_lines": 0}, "missing_lines": [], "excluded_lines": []}, "ResponseRecorder.record": {"executed_lines": [35, 36, 41, 54, 61], "summary": {"covered_lines": 5, "num_statements": 7, "percent_covered": 71.42857142857143, "percent_covered_display": "71", "missing_lines": 2, "excluded_lines": 0}, "missing_lines": [37, 38], "excluded_lines": []}, "": {"executed_lines": [1, 3, 4, 5, 6, 7, 8, 13, 14, 26], "summary": {"covered_lines": 10, "num_statements": 10, "percent_covered": 100.0, "percent_covered_display": "100", "missing_lines": 0, "excluded_lines": 0}, "missing_lines": [], "excluded_lines": []}}, "classes": {"ResponseRecorder": {"executed_lines": [21, 22, 23, 24, 35, 36, 41, 54, 61], "summary": {"covered_lines": 9, "num_statements": 11, "percent_covered": 81.81818181818181, "percent_covered_display": "82", "missing_lines": 2, "excluded_lines": 0}, "missing_lines": [37, 38], "excluded_lines": []}, "": {"executed_lines": [1, 3, 4, 5, 6, 7, 8, 13, 14, 26], "summary": {"covered_lines": 10, "num_statements": 10, "percent_covered": 100.0, "percent_covered_display": "100", "missing_lines": 0, "excluded_lines": 0}, "missing_lines": [], "excluded_lines": []}}}, "application/llm/routing_engine.py": {"executed_lines": [1, 3, 4, 13, 14, 16, 19, 21], "summary": {"covered_lines": 7, "num_statements": 8, "percent_covered": 87.5, "percent_covered_display": "88", "missing_lines": 1, "excluded_lines": 0}, "missing_lines": [17], "excluded_lines": [], "functions": {"RoutingEngine.__init__": {"executed_lines": [], "summary": {"covered_lines": 0, "num_statements": 1, "percent_covered": 0.0, "percent_covered_display": "0", "missing_lines": 1, "excluded_lines": 0}, "missing_lines": [17], "excluded_lines": []}, "RoutingEngine.select_model": {"executed_lines": [21], "summary": {"covered_lines": 1, "num_statements": 1, "percent_covered": 100.0, "percent_covered_display": "100", "missing_lines": 0, "excluded_lines": 0}, "missing_lines": [], "excluded_lines": []}, "": {"executed_lines": [1, 3, 4, 13, 14, 16, 19], "summary": {"covered_lines": 6, "num_statements": 6, "percent_covered": 100.0, "percent_covered_display": "100", "missing_lines": 0, "excluded_lines": 0}, "missing_lines": [], "excluded_lines": []}}, "classes": {"RoutingEngine": {"executed_lines": [21], "summary": {"covered_lines": 1, "num_statements": 2, "percent_covered": 50.0, "percent_covered_display": "50", "missing_lines": 1, "excluded_lines": 0}, "missing_lines": [17], "excluded_lines": []}, "": {"executed_lines": [1, 3, 4, 13, 14, 16, 19], "summary": {"covered_lines": 6, "num_statements": 6, "percent_covered": 100.0, "percent_covered_display": "100", "missing_lines": 0, "excluded_lines": 0}, "missing_lines": [], "excluded_lines": []}}}, "core/__init__.py": {"executed_lines": [1], "summary": {"covered_lines": 0, "num_statements": 0, "percent_covered": 100.0, "percent_covered_display": "100", 
[...]
s": 0}, "missing_lines": [], "excluded_lines": []}, "OTelMiddleware.dispatch": {"executed_lines": [33, 34, 35, 36], "summary": {"covered_lines": 4, "num_statements": 4, "percent_covered": 100.0, "percent_covered_display": "100", "missing_lines": 0, "excluded_lines": 0}, "missing_lines": [], "excluded_lines": []}, "": {"executed_lines": [1, 3, 5, 6, 7, 8, 9, 10, 11, 16, 17, 19, 30], "summary": {"covered_lines": 13, "num_statements": 13, "percent_covered": 100.0, "percent_covered_display": "100", "missing_lines": 0, "excluded_lines": 0}, "missing_lines": [], "excluded_lines": []}}, "classes": {"OTelMiddleware": {"executed_lines": [20, 21, 22, 23, 24, 25, 26, 27, 28, 33, 34, 35, 36], "summary": {"covered_lines": 13, "num_statements": 13, "percent_covered": 100.0, "percent_covered_display": "100", "missing_lines": 0, "excluded_lines": 0}, "missing_lines": [], "excluded_lines": []}, "": {"executed_lines": [1, 3, 5, 6, 7, 8, 9, 10, 11, 16, 17, 19, 30], "summary": {"covered_lines": 13, "num_statements": 13, "percent_covered": 100.0, "percent_covered_display": "100", "missing_lines": 0, "excluded_lines": 0}, "missing_lines": [], "excluded_lines": []}}}, "infrastructure/repositories/__init__.py": {"executed_lines": [1], "summary": {"covered_lines": 0, "num_statements": 0, "percent_covered": 100.0, "percent_covered_display": "100", "missing_lines": 0, "excluded_lines": 0}, "missing_lines": [], "excluded_lines": [], "functions": {"": {"executed_lines": [1], "summary": {"covered_lines": 0, "num_statements": 0, "percent_covered": 100.0, "percent_covered_display": "100", "missing_lines": 0, "excluded_lines": 0}, "missing_lines": [], "excluded_lines": []}}, "classes": {"": {"executed_lines": [1], "summary": {"covered_lines": 0, "num_statements": 0, "percent_covered": 100.0, "percent_covered_display": "100", "missing_lines": 0, "excluded_lines": 0}, "missing_lines": [], "excluded_lines": []}}}, "infrastructure/repositories/sqlalchemy_aicoach_repository.py": {"executed_lines": [1, 3, 4, 6, 7, 8, 9, 12, 13, 16, 24, 31, 46], "summary": {"covered_lines": 13, "num_statements": 37, "percent_covered": 35.13513513513514, "percent_covered_display": "35", "missing_lines": 24, "excluded_lines": 0}, "missing_lines": [14, 17, 22, 25, 26, 27, 28, 29, 32, 37, 38, 39, 40, 41, 42, 43, 44, 47, 48, 49, 50, 51, 52, 53], "excluded_lines": [], "functions": {"SQLAlchemyAICoachMessageRepository.__init__": {"executed_lines": [], "summary": {"covered_lines": 0, "num_statements": 1, "percent_covered": 0.0, "percent_covered_display": "0", "missing_lines": 1, "excluded_lines": 0}, "missing_lines": [14], "excluded_lines": []}, "SQLAlchemyAICoachMessageRepository.get": {"executed_lines": [], "summary": {"covered_lines": 0, "num_statements": 2, "percent_covered": 0.0, "percent_covered_display": "0", "missing_lines": 2, "excluded_lines": 0}, "missing_lines": [17, 22], "excluded_lines": []}, "SQLAlchemyAICoachMessageRepository.add": {"executed_lines": [], "summary": {"covered_lines": 0, "num_statements": 5, "percent_covered": 0.0, "percent_covered_display": "0", "missing_lines": 5, "excluded_lines": 0}, "missing_lines": [25, 26, 27, 28, 29], "excluded_lines": []}, "SQLAlchemyAICoachMessageRepository.update": {"executed_lines": [], "summary": {"covered_lines": 0, "num_statements": 9, "percent_covered": 0.0, "percent_covered_display": "0", "missing_lines": 9, "excluded_lines": 0}, "missing_lines": [32, 37, 38, 39, 40, 41, 42, 43, 44], "excluded_lines": []}, "SQLAlchemyAICoachMessageRepository.list": {"executed_lines": [], "summary": {"covered_lines": 0, "num_statements": 7, "percent_covered": 0.0, "percent_covered_display": "0", "missing_lines": 7, "excluded_lines": 0}, "missing_lines": [47, 48, 49, 50, 51, 52, 53], "excluded_lines": []}, "": {"executed_lines": [1, 3, 4, 6, 7, 8, 9, 12, 13, 16, 24, 31, 46], "summary": {"covered_lines": 13, "num_statements": 13, "percent_covered": 100.0, "percent_covered_display": "100", "missing_lines": 0, "excluded_lines": 0}, "missing_lines": [], "excluded_lines": []}}, "classes": {"SQLAlchemyAICoachMessageRepository": {"executed_lines": [], "summary": {"covered_lines": 0, "num_statements": 24, "percent_covered": 0.0, "percent_covered_display": "0", "missing_lines": 24, "excluded_lines": 0}, "missing_lines": [14, 17, 22, 25, 26, 27, 28, 29, 32, 37, 38, 39, 40, 41, 42, 43, 44, 47, 48, 49, 50, 51, 52, 53], "excluded_lines": []}, "": {"executed_lines": [1, 3, 4, 6, 7, 8, 9, 12, 13, 16, 24, 31, 46], "summary": {"covered_lines": 13, "num_statements": 13, "percent_covered": 100.0, "percent_covered_display": "100", "missing_lines": 0, "excluded_lines": 0}, "missing_lines": [], "excluded_lines": []}}}, "infrastructure/repositories/sqlalchemy_progress_repository.py": {"executed_lines": [1, 3, 4, 6, 7, 8, 11, 12, 14, 17, 25, 32, 47], "summary": {"covered_lines": 12, "num_statements": 36, "percent_covered": 33.333333333333336, "percent_covered_display": "33", "missing_lines": 24, "excluded_lines": 0}, "missing_lines": [15, 18, 23, 26, 27, 28, 29, 30, 33, 38, 39, 40, 41, 42, 43, 44, 45, 48, 49, 50, 51, 52, 53, 54], "excluded_lines": [], "functions": {"SQLAlchemyProgressRepository.__init__": {"executed_lines": [], "summary": {"covered_lines": 0, "num_statements": 1, "percent_covered": 0.0, "percent_covered_display": "0", "missing_lines": 1, "excluded_lines": 0}, "missing_lines": [15], "excluded_lines": []}, "SQLAlchemyProgressRepository.get": {"executed_lines": [], "summary": {"covered_lines": 0, "num_statements": 2, "percent_covered": 0.0, "percent_covered_display": "0", "missing_lines": 2, "excluded_lines": 0}, "missing_lines": [18, 23], "excluded_lines": []}, "SQLAlchemyProgressRepository.add": {"executed_lines": [], "summary": {"covered_lines": 0, "num_statements": 5, "percent_covered": 0.0, "percent_covered_display": "0", "missing_lines": 5, "excluded_lines": 0}, "missing_lines": [26, 27, 28, 29, 30], "excluded_lines": []}, "SQLAlchemyProgressRepository.update": {"executed_lines": [], "summary": {"covered_lines": 0, "num_statements": 9, "percent_covered": 0.0, "percent_covered_display": "0", "missing_lines": 9, "excluded_lines": 0}, "missing_lines": [33, 38, 39, 40, 41, 42, 43, 44, 45], "excluded_lines": []}, "SQLAlchemyProgressRepository.list": {"executed_lines": [], "summary": {"covered_lines": 0, "num_statements": 7, "percent_covered": 0.0, "percent_covered_display": "0", "missing_lines": 7, "excluded_lines": 0}, "missing_lines": [48, 49, 50, 51, 52, 53, 54], "excluded_lines": []}, "": {"executed_lines": [1, 3, 4, 6, 7, 8, 11, 12, 14, 17, 25, 32, 47], "summary": {"covered_lines": 12, "num_statements": 12, "percent_covered": 100.0, "percent_covered_display": "100", "missing_lines": 0, "excluded_lines": 0}, "missing_lines": [], "excluded_lines": []}}, "classes": {"SQLAlchemyProgressRepository": {"executed_lines": [], "summary": {"covered_lines": 0, "num_statements": 24, "percent_covered": 0.0, "percent_covered_display": "0", "missing_lines": 24, "excluded_lines": 0}, "missing_lines": [15, 18, 23, 26, 27, 28, 29, 30, 33, 38, 39, 40, 41, 42, 43, 44, 45, 48, 49, 50, 51, 52, 53, 54], "excluded_lines": []}, "": {"executed_lines": [1, 3, 4, 6, 7, 8, 11, 12, 14, 17, 25, 32, 47], "summary": {"covered_lines": 12, "num_statements": 12, "percent_covered": 100.0, "percent_covered_display": "100", "missing_lines": 0, "excluded_lines": 0}, "missing_lines": [], "excluded_lines": []}}}, "infrastructure/repositories/sqlalchemy_user_repository.py": {"executed_lines": [1, 3, 5, 7, 8, 9, 10, 13, 14, 16, 19, 27, 34, 51], "summary": {"covered_lines": 13, "num_statements": 37, "percent_covered": 35.13513513513514, "percent_covered_display": "35", "missing_lines": 24, "excluded_lines": 0}, "missing_lines": [17, 20, 25, 28, 29, 30, 31, 32, 35, 40, 41, 43, 44, 45, 46, 47, 48, 49, 52, 53, 54, 55, 56, 57], "excluded_lines": [], "functions": {"SQLAlchemyUserRepository.__init__": {"executed_lines": [], "summary": {"covered_lines": 0, "num_statements": 1, "percent_covered": 0.0, "percent_covered_display": "0", "missing_lines": 1, "excluded_lines": 0}, "missing_lines": [17], "excluded_lines": []}, "SQLAlchemyUserRepository.get": {"executed_lines": [], "summary": {"covered_lines": 0, "num_statements": 2, "percent_covered": 0.0, "percent_covered_display": "0", "missing_lines": 2, "excluded_lines": 0}, "missing_lines": [20, 25], "excluded_lines": []}, "SQLAlchemyUserRepository.add": {"executed_lines": [], "summary": {"covered_lines": 0, "num_statements": 5, "percent_covered": 0.0, "percent_covered_display": "0", "missing_lines": 5, "excluded_lines": 0}, "missing_lines": [28, 29, 30, 31, 32], "excluded_lines": []}, "SQLAlchemyUserRepository.update": {"executed_lines": [], "summary": {"covered_lines": 0, "num_statements": 10, "percent_covered": 0.0, "percent_covered_display": "0", "missing_lines": 10, "excluded_lines": 0}, "missing_lines": [35, 40, 41, 43, 44, 45, 46, 47, 48, 49], "excluded_lines": []}, "SQLAlchemyUserRepository.list": {"executed_lines": [], "summary": {"covered_lines": 0, "num_statements": 6, "percent_covered": 0.0, "percent_covered_display": "0", "missing_lines": 6, "excluded_lines": 0}, "missing_lines": [52, 53, 54, 55, 56, 57], "excluded_lines": []}, "": {"executed_lines": [1, 3, 5, 7, 8, 9, 10, 13, 14, 16, 19, 27, 34, 51], "summary": {"covered_lines": 13, "num_statements": 13, "percent_covered": 100.0, "percent_covered_display": "100", "missing_lines": 0, "excluded_lines": 0}, "missing_lines": [], "excluded_lines": []}}, "classes": {"SQLAlchemyUserRepository": {"executed_lines": [], "summary": {"covered_lines": 0, "num_statements": 24, "percent_covered": 0.0, "percent_covered_display": "0", "missing_lines": 24, "excluded_lines": 0}, "missing_lines": [17, 20, 25, 28, 29, 30, 31, 32, 35, 40, 41, 43, 44, 45, 46, 47, 48, 49, 52, 53, 54, 55, 56, 57], "excluded_lines": []}, "": {"executed_lines": [1, 3, 5, 7, 8, 9, 10, 13, 14, 16, 19, 27, 34, 51], "summary": {"covered_lines": 13, "num_statements": 13, "percent_covered": 100.0, "percent_covered_display": "100", "missing_lines": 0, "excluded_lines": 0}, "missing_lines": [], "excluded_lines": []}}}, "infrastructure/repositories/sqlalchemy_workoutlog_repository.py": {"executed_lines": [1, 3, 5, 6, 8, 9, 10, 11, 14, 15, 18, 26, 33, 49, 58], "summary": {"covered_lines": 15, "num_statements": 42, "percent_covered": 35.714285714285715, "percent_covered_display": "36", "missing_lines": 27, "excluded_lines": 0}, "missing_lines": [16, 19, 24, 27, 28, 29, 30, 31, 34, 39, 40, 41, 42, 43, 44, 45, 46, 47, 50, 51, 52, 53, 54, 55, 56, 59, 65], "excluded_lines": [], "functions": {"SQLAlchemyWorkoutLogRepository.__init__": {"executed_lines": [], "summary": {"covered_lines": 0, "num_statements": 1, "percent_covered": 0.0, "percent_covered_display": "0", "missing_lines": 1, "excluded_lines": 0}, "missing_lines": [16], "excluded_lines": []}, "SQLAlchemyWorkoutLogRepository.get": {"executed_lines": [], "summary": {"covered_lines": 0, "num_statements": 2, "percent_covered": 0.0, "percent_covered_display": "0", "missing_lines": 2, "excluded_lines": 0}, "missing_lines": [19, 24], "excluded_lines": []}, "SQLAlchemyWorkoutLogRepository.add": {"executed_lines": [], "summary": {"covered_lines": 0, "num_statements": 5, "percent_covered": 0.0, "percent_covered_display": "0", "missing_lines": 5, "excluded_lines": 0}, "missing_lines": [27, 28, 29, 30, 31], "excluded_lines": []}, "SQLAlchemyWorkoutLogRepository.update": {"executed_lines": [], "summary": {"covered_lines": 0, "num_statements": 10, "percent_covered": 0.0, "percent_covered_display": "0", "missing_lines": 10, "excluded_lines": 0}, "missing_lines": [34, 39, 40, 41, 42, 43, 44, 45, 46, 47], "excluded_lines": []}, "SQLAlchemyWorkoutLogRepository.list": {"executed_lines": [], "summary": {"covered_lines": 0, "num_statements": 7, "percent_covered": 0.0, "percent_covered_display": "0", "missing_lines": 7, "excluded_lines": 0}, "missing_lines": [50, 51, 52, 53, 54, 55, 56], "excluded_lines": []}, "SQLAlchemyWorkoutLogRepository.list_dates": {"executed_lines": [], "summary": {"covered_lines": 0, "num_statements": 2, "percent_covered": 0.0, "percent_covered_display": "0", "missing_lines": 2, "excluded_lines": 0}, "missing_lines": [59, 65], "excluded_lines": []}, "": {"executed_lines": [1, 3, 5, 6, 8, 9, 10, 11, 14, 15, 18, 26, 33, 49, 58], "summary": {"covered_lines": 15, "num_statements": 15, "percent_covered": 100.0, "percent_covered_display": "100", "missing_lines": 0, "excluded_lines": 0}, "missing_lines": [], "excluded_lines": []}}, "classes": {"SQLAlchemyWorkoutLogRepository": {"executed_lines": [], "summary": {"covered_lines": 0, "num_statements": 27, "percent_covered": 0.0, "percent_covered_display": "0", "missing_lines": 27, "excluded_lines": 0}, "missing_lines": [16, 19, 24, 27, 28, 29, 30, 31, 34, 39, 40, 41, 42, 43, 44, 45, 46, 47, 50, 51, 52, 53, 54, 55, 56, 59, 65], "excluded_lines": []}, "": {"executed_lines": [1, 3, 5, 6, 8, 9, 10, 11, 14, 15, 18, 26, 33, 49, 58], "summary": {"covered_lines": 15, "num_statements": 15, "percent_covered": 100.0, "percent_covered_display": "100", "missing_lines": 0, "excluded_lines": 0}, "missing_lines": [], "excluded_lines": []}}}, "infrastructure/repositories/sqlalchemy_workoutplan_repository.py": {"executed_lines": [1, 3, 5, 6, 8, 9, 10, 11, 14, 15, 18, 26, 33, 49], "summary": {"covered_lines": 14, "num_statements": 39, "percent_covered": 35.8974358974359, "percent_covered_display": "36", "missing_lines": 25, "excluded_lines": 0}, "missing_lines": [16, 19, 24, 27, 28, 29, 30, 31, 34, 39, 40, 41, 42, 43, 44, 45, 46, 47, 50, 51, 52, 53, 54, 55, 56], "excluded_lines": [], "functions": {"SQLAlchemyWorkoutPlanRepository.__init__": {"executed_lines": [], "summary": {"covered_lines": 0, "num_statements": 1, "percent_covered": 0.0, "percent_covered_display": "0", "missing_lines": 1, "excluded_lines": 0}, "missing_lines": [16], "excluded_lines": []}, "SQLAlchemyWorkoutPlanRepository.get": {"executed_lines": [], "summary": {"covered_lines": 0, "num_statements": 2, "percent_covered": 0.0, "percent_covered_display": "0", "missing_lines": 2, "excluded_lines": 0}, "missing_lines": [19, 24], "excluded_lines": []}, "SQLAlchemyWorkoutPlanRepository.add": {"executed_lines": [], "summary": {"covered_lines": 0, "num_statements": 5, "percent_covered": 0.0, "percent_covered_display": "0", "missing_lines": 5, "excluded_lines": 0}, "missing_lines": [27, 28, 29, 30, 31], "excluded_lines": []}, "SQLAlchemyWorkoutPlanRepository.update": {"executed_lines": [], "summary": {"covered_lines": 0, "num_statements": 10, "percent_covered": 0.0, "percent_covered_display": "0", "missing_lines": 10, "excluded_lines": 0}, "missing_lines": [34, 39, 40, 41, 42, 43, 44, 45, 46, 47], "excluded_lines": []}, "SQLAlchemyWorkoutPlanRepository.list": {"executed_lines": [], "summary": {"covered_lines": 0, "num_statements": 7, "percent_covered": 0.0, "percent_covered_display": "0", "missing_lines": 7, "excluded_lines": 0}, "missing_lines": [50, 51, 52, 53, 54, 55, 56], "excluded_lines": []}, "": {"executed_lines": [1, 3, 5, 6, 8, 9, 10, 11, 14, 15, 18, 26, 33, 49], "summary": {"covered_lines": 14, "num_statements": 14, "percent_covered": 100.0, "percent_covered_display": "100", "missing_lines": 0, "excluded_lines": 0}, "missing_lines": [], "excluded_lines": []}}, "classes": {"SQLAlchemyWorkoutPlanRepository": {"executed_lines": [], "summary": {"covered_lines": 0, "num_statements": 25, "percent_covered": 0.0, "percent_covered_display": "0", "missing_lines": 25, "excluded_lines": 0}, "missing_lines": [16, 19, 24, 27, 28, 29, 30, 31, 34, 39, 40, 41, 42, 43, 44, 45, 46, 47, 50, 51, 52, 53, 54, 55, 56], "excluded_lines": []}, "": {"executed_lines": [1, 3, 5, 6, 8, 9, 10, 11, 14, 15, 18, 26, 33, 49], "summary": {"covered_lines": 14, "num_statements": 14, "percent_covered": 100.0, "percent_covered_display": "100", "missing_lines": 0, "excluded_lines": 0}, "missing_lines": [], "excluded_lines": []}}}, "main.py": {"executed_lines": [1, 2, 3, 4, 5, 7, 8, 9, 10, 11, 12, 14, 15, 16, 17, 18, 19, 20, 21, 22, 23, 24, 28, 36, 37, 39, 40, 43, 44, 119, 127, 130, 139, 142, 146, 147, 152, 153, 161, 162, 178, 179, 220, 221, 222, 227, 228, 229, 246, 247, 248, 250, 281, 282, 283, 284, 285, 286, 287, 289], "summary": {"covered_lines": 59, "num_statements": 106, "percent_covered": 55.660377358490564, "percent_covered_display": "56", "missing_lines": 47, "excluded_lines": 4}, "missing_lines": [46, 47, 48, 51, 52, 53, 56, 57, 58, 61, 62, 65, 76, 79, 90, 92, 94, 95, 96, 97, 98, 100, 101, 102, 103, 105, 106, 107, 109, 112, 113, 114, 115, 116, 149, 155, 158, 164, 167, 181, 184, 185, 188, 209, 230, 232, 235], "excluded_lines": [198, 199, 289, 291], "functions": {"lifespan": {"executed_lines": [], "summary": {"covered_lines": 0, "num_statements": 34, "percent_covered": 0.0, "percent_covered_display": "0", "missing_lines": 34, "excluded_lines": 0}, "missing_lines": [46, 47, 48, 51, 52, 53, 56, 57, 58, 61, 62, 65, 76, 79, 90, 92, 94, 95, 96, 97, 98, 100, 101, 102, 103, 105, 106, 107, 109, 112, 113, 114, 115, 116], "excluded_lines": []}, "rate_limit_exceeded_handler": {"executed_lines": [], "summary": {"covered_lines": 0, "num_statements": 1, "percent_covered": 0.0, "percent_covered_display": "0", "missing_lines": 1, "excluded_lines": 0}, "missing_lines": [149], "excluded_lines": []}, "input_validation_error_handler": {"executed_lines": [], "summary": {"covered_lines": 0, "num_statements": 2, "percent_covered": 0.0, "percent_covered_display": "0", "missing_lines": 2, "excluded_lines": 0}, "missing_lines": [155, 158], "excluded_lines": []}, "validation_exception_handler": {"executed_lines": [], "summary": {"covered_lines": 0, "num_statements": 2, "percent_covered": 0.0, "percent_covered_display": "0", "missing_lines": 2, "excluded_lines": 0}, "missing_lines": [164, 167], "excluded_lines": []}, "global_exception_handler": {"executed_lines": [], "summary": {"covered_lines": 0, "num_statements": 5, "percent_covered": 0.0, "percent_covered_display": "0", "missing_lines": 5, "excluded_lines": 2}, "missing_lines": [181, 184, 185, 188, 209], "excluded_lines": [198, 199]}, "health_check": {"executed_lines": [227, 228, 229], "summary": {"covered_lines": 3, "num_statements": 6, "percent_covered": 50.0, "percent_covered_display": "50", "missing_lines": 3, "excluded_lines": 0}, "missing_lines": [230, 232, 235], "excluded_lines": []}, "root": {"executed_lines": [250], "summary": {"covered_lines": 1, "num_statements": 1, "percent_covered": 100.0, "percent_covered_display": "100", "missing_lines": 0, "excluded_lines": 0}, "missing_lines": [], "excluded_lines": []}, "": {"executed_lines": [1, 2, 3, 4, 5, 7, 8, 9, 10, 11, 12, 14, 15, 16, 17, 18, 19, 20, 21, 22, 23, 24, 28, 36, 37, 39, 40, 43, 44, 119, 127, 130, 139, 142, 146, 147, 152, 153, 161, 162, 178, 179, 220, 221, 222, 246, 247, 248, 281, 282, 283, 284, 285, 286, 287, 289], "summary": {"covered_lines": 55, "num_statements": 55, "percent_covered": 100.0, "percent_covered_display": "100", "missing_lines": 0, "excluded_lines": 2}, "missing_lines": [], "excluded_lines": [289, 291]}}, "classes": {"": {"executed_lines": [1, 2, 3, 4, 5, 7, 8, 9, 10, 11, 12, 14, 15, 16, 17, 18, 19, 20, 21, 22, 23, 24, 28, 36, 37, 39, 40, 43, 44, 119, 127, 130, 139, 142, 146, 147, 152, 153, 161, 162, 178, 179, 220, 221, 222, 227, 228, 229, 246, 247, 248, 250, 281, 282, 283, 284, 285, 286, 287, 289], "summary": {"covered_lines": 59, "num_statements": 106, "percent_covered": 55.660377358490564, "percent_covered_display": "56", "missing_lines": 47, "excluded_lines": 4}, "missing_lines": [46, 47, 48, 51, 52, 53, 56, 57, 58, 61, 62, 65, 76, 79, 90, 92, 94, 95, 96, 97, 98, 100, 101, 102, 103, 105, 106, 107, 109, 112, 113, 114, 115, 116, 149, 155, 158, 164, 167, 181, 184, 185, 188, 209, 230, 232, 235], "excluded_lines": [198, 199, 289, 291]}}}}, "totals": {"covered_lines": 2191, "num_statements": 4559, "percent_covered": 48.05878482123273, "percent_covered_display": "48", "missing_lines": 2368, "excluded_lines": 72}}
